{"D:\\Softwares\\Prosoft\\Projects\\Web\\Project Percept\\src\\common\\constants.ts": {"path":"D:\\Softwares\\Prosoft\\Projects\\Web\\Project Percept\\src\\common\\constants.ts","statementMap":{"0":{"start":{"line":1,"column":0},"end":{"line":1,"column":null}},"1":{"start":{"line":2,"column":2},"end":{"line":2,"column":null}}},"fnMap":{"0":{"name":"(anonymous_0)","decl":{"start":{"line":1,"column":0},"end":{"line":1,"column":12}},"loc":{"start":{"line":1,"column":20},"end":{"line":3,"column":1}}}},"branchMap":{"0":{"loc":{"start":{"line":1,"column":12},"end":{"line":1,"column":null}},"type":"binary-expr","locations":[{"start":{"line":1,"column":12},"end":{"line":1,"column":20}},{"start":{"line":1,"column":12},"end":{"line":1,"column":null}}]}},"s":{"0":6,"1":6},"f":{"0":6},"b":{"0":[6,6]}}
,"D:\\Softwares\\Prosoft\\Projects\\Web\\Project Percept\\src\\core\\canvas.ts": {"path":"D:\\Softwares\\Prosoft\\Projects\\Web\\Project Percept\\src\\core\\canvas.ts","statementMap":{"0":{"start":{"line":6,"column":0},"end":{"line":6,"column":13}},"1":{"start":{"line":14,"column":10},"end":{"line":14,"column":30}},"2":{"start":{"line":28,"column":4},"end":{"line":51,"column":null}},"3":{"start":{"line":29,"column":6},"end":{"line":29,"column":60}},"4":{"start":{"line":30,"column":6},"end":{"line":30,"column":59}},"5":{"start":{"line":31,"column":6},"end":{"line":31,"column":61}},"6":{"start":{"line":32,"column":6},"end":{"line":32,"column":52}},"7":{"start":{"line":34,"column":6},"end":{"line":50,"column":null}},"8":{"start":{"line":35,"column":8},"end":{"line":35,"column":62}},"9":{"start":{"line":36,"column":8},"end":{"line":42,"column":null}},"10":{"start":{"line":37,"column":10},"end":{"line":37,"column":43}},"11":{"start":{"line":38,"column":10},"end":{"line":38,"column":45}},"12":{"start":{"line":40,"column":10},"end":{"line":40,"column":57}},"13":{"start":{"line":41,"column":10},"end":{"line":41,"column":59}},"14":{"start":{"line":43,"column":8},"end":{"line":43,"column":48}},"15":{"start":{"line":45,"column":8},"end":{"line":45,"column":37}},"16":{"start":{"line":46,"column":8},"end":{"line":49,"column":null}},"17":{"start":{"line":47,"column":10},"end":{"line":47,"column":43}},"18":{"start":{"line":48,"column":10},"end":{"line":48,"column":45}},"19":{"start":{"line":52,"column":4},"end":{"line":52,"column":42}},"20":{"start":{"line":53,"column":4},"end":{"line":53,"column":44}},"21":{"start":{"line":54,"column":4},"end":{"line":54,"column":55}},"22":{"start":{"line":56,"column":4},"end":{"line":64,"column":null}},"23":{"start":{"line":57,"column":6},"end":{"line":57,"column":75}},"24":{"start":{"line":58,"column":6},"end":{"line":58,"column":63}},"25":{"start":{"line":60,"column":6},"end":{"line":60,"column":63}},"26":{"start":{"line":61,"column":6},"end":{"line":61,"column":47}},"27":{"start":{"line":62,"column":6},"end":{"line":62,"column":49}},"28":{"start":{"line":63,"column":6},"end":{"line":63,"column":63}},"29":{"start":{"line":72,"column":2},"end":{"line":75,"column":null}},"30":{"start":{"line":73,"column":4},"end":{"line":73,"column":16}},"31":{"start":{"line":74,"column":4},"end":{"line":74,"column":25}},"32":{"start":{"line":80,"column":2},"end":{"line":82,"column":null}},"33":{"start":{"line":81,"column":4},"end":{"line":81,"column":46}},"34":{"start":{"line":92,"column":0},"end":{"line":92,"column":null}},"35":{"start":{"line":6,"column":13},"end":{"line":6,"column":19}}},"fnMap":{"0":{"name":"(anonymous_0)","decl":{"start":{"line":6,"column":0},"end":{"line":6,"column":13}},"loc":{"start":{"line":6,"column":0},"end":{"line":92,"column":null}}},"1":{"name":"Canvas","decl":{"start":{"line":23,"column":2},"end":{"line":23,"column":null}},"loc":{"start":{"line":26,"column":19},"end":{"line":65,"column":3}}},"2":{"name":"(anonymous_2)","decl":{"start":{"line":72,"column":2},"end":{"line":72,"column":6}},"loc":{"start":{"line":72,"column":23},"end":{"line":75,"column":3}}},"3":{"name":"(anonymous_3)","decl":{"start":{"line":80,"column":2},"end":{"line":80,"column":6}},"loc":{"start":{"line":80,"column":2},"end":{"line":82,"column":3}}}},"branchMap":{"0":{"loc":{"start":{"line":28,"column":4},"end":{"line":51,"column":null}},"type":"if","locations":[{"start":{"line":28,"column":4},"end":{"line":51,"column":null}},{"start":{"line":33,"column":11},"end":{"line":51,"column":null}}]},"1":{"loc":{"start":{"line":34,"column":6},"end":{"line":50,"column":null}},"type":"if","locations":[{"start":{"line":34,"column":6},"end":{"line":50,"column":null}},{"start":{"line":44,"column":13},"end":{"line":50,"column":null}}]},"2":{"loc":{"start":{"line":36,"column":8},"end":{"line":42,"column":null}},"type":"if","locations":[{"start":{"line":36,"column":8},"end":{"line":42,"column":null}},{"start":{"line":39,"column":15},"end":{"line":42,"column":null}}]},"3":{"loc":{"start":{"line":36,"column":12},"end":{"line":36,"column":27}},"type":"binary-expr","locations":[{"start":{"line":36,"column":12},"end":{"line":36,"column":17}},{"start":{"line":36,"column":21},"end":{"line":36,"column":27}}]},"4":{"loc":{"start":{"line":46,"column":8},"end":{"line":49,"column":null}},"type":"if","locations":[{"start":{"line":46,"column":8},"end":{"line":49,"column":null}}]},"5":{"loc":{"start":{"line":46,"column":12},"end":{"line":46,"column":27}},"type":"binary-expr","locations":[{"start":{"line":46,"column":12},"end":{"line":46,"column":17}},{"start":{"line":46,"column":21},"end":{"line":46,"column":27}}]},"6":{"loc":{"start":{"line":56,"column":4},"end":{"line":64,"column":null}},"type":"if","locations":[{"start":{"line":56,"column":4},"end":{"line":64,"column":null}},{"start":{"line":59,"column":11},"end":{"line":64,"column":null}}]}},"s":{"0":7,"1":39,"2":39,"3":3,"4":3,"5":3,"6":3,"7":36,"8":2,"9":2,"10":1,"11":1,"12":1,"13":1,"14":2,"15":34,"16":34,"17":1,"18":1,"19":39,"20":39,"21":39,"22":39,"23":1,"24":1,"25":38,"26":38,"27":38,"28":38,"29":7,"30":2,"31":2,"32":7,"33":3,"34":7,"35":7},"f":{"0":7,"1":39,"2":2,"3":3},"b":{"0":[3,36],"1":[2,34],"2":[1,1],"3":[2,1],"4":[1],"5":[34,1],"6":[1,38]}}
,"D:\\Softwares\\Prosoft\\Projects\\Web\\Project Percept\\src\\core\\color.ts": {"path":"D:\\Softwares\\Prosoft\\Projects\\Web\\Project Percept\\src\\core\\color.ts","statementMap":{"0":{"start":{"line":1,"column":0},"end":{"line":1,"column":13}},"1":{"start":{"line":2,"column":9},"end":{"line":4,"column":null}},"2":{"start":{"line":3,"column":4},"end":{"line":3,"column":67}},"3":{"start":{"line":6,"column":9},"end":{"line":13,"column":null}},"4":{"start":{"line":7,"column":4},"end":{"line":12,"column":6}},"5":{"start":{"line":20,"column":0},"end":{"line":20,"column":null}},"6":{"start":{"line":1,"column":13},"end":{"line":1,"column":18}}},"fnMap":{"0":{"name":"(anonymous_0)","decl":{"start":{"line":1,"column":0},"end":{"line":1,"column":13}},"loc":{"start":{"line":1,"column":0},"end":{"line":20,"column":null}}},"1":{"name":"(anonymous_2)","decl":{"start":{"line":2,"column":2},"end":{"line":2,"column":9}},"loc":{"start":{"line":2,"column":2},"end":{"line":4,"column":3}}},"2":{"name":"(anonymous_3)","decl":{"start":{"line":6,"column":2},"end":{"line":6,"column":9}},"loc":{"start":{"line":6,"column":51},"end":{"line":13,"column":3}}}},"branchMap":{},"s":{"0":7,"1":7,"2":6,"3":7,"4":1,"5":7,"6":7},"f":{"0":7,"1":6,"2":1},"b":{}}
,"D:\\Softwares\\Prosoft\\Projects\\Web\\Project Percept\\src\\core\\debug.ts": {"path":"D:\\Softwares\\Prosoft\\Projects\\Web\\Project Percept\\src\\core\\debug.ts","statementMap":{"0":{"start":{"line":7,"column":0},"end":{"line":7,"column":13}},"1":{"start":{"line":17,"column":9},"end":{"line":30,"column":null}},"2":{"start":{"line":24,"column":4},"end":{"line":24,"column":48}},"3":{"start":{"line":26,"column":4},"end":{"line":29,"column":7}},"4":{"start":{"line":60,"column":9},"end":{"line":74,"column":null}},"5":{"start":{"line":68,"column":4},"end":{"line":68,"column":48}},"6":{"start":{"line":70,"column":4},"end":{"line":73,"column":7}},"7":{"start":{"line":106,"column":9},"end":{"line":117,"column":null}},"8":{"start":{"line":110,"column":4},"end":{"line":116,"column":null}},"9":{"start":{"line":111,"column":6},"end":{"line":115,"column":null}},"10":{"start":{"line":111,"column":23},"end":{"line":111,"column":33}},"11":{"start":{"line":111,"column":23},"end":{"line":111,"column":40}},"12":{"start":{"line":111,"column":19},"end":{"line":111,"column":23}},"13":{"start":{"line":112,"column":8},"end":{"line":112,"column":23}},"14":{"start":{"line":113,"column":8},"end":{"line":113,"column":46}},"15":{"start":{"line":114,"column":8},"end":{"line":114,"column":26}},"16":{"start":{"line":136,"column":0},"end":{"line":136,"column":null}},"17":{"start":{"line":7,"column":13},"end":{"line":7,"column":18}}},"fnMap":{"0":{"name":"(anonymous_0)","decl":{"start":{"line":7,"column":0},"end":{"line":7,"column":13}},"loc":{"start":{"line":7,"column":0},"end":{"line":136,"column":null}}},"1":{"name":"(anonymous_2)","decl":{"start":{"line":17,"column":2},"end":{"line":17,"column":9}},"loc":{"start":{"line":22,"column":19},"end":{"line":30,"column":3}}},"2":{"name":"(anonymous_3)","decl":{"start":{"line":60,"column":2},"end":{"line":60,"column":9}},"loc":{"start":{"line":66,"column":19},"end":{"line":74,"column":3}}},"3":{"name":"(anonymous_4)","decl":{"start":{"line":106,"column":2},"end":{"line":106,"column":9}},"loc":{"start":{"line":108,"column":37},"end":{"line":117,"column":3}}}},"branchMap":{},"s":{"0":4,"1":4,"2":1,"3":1,"4":4,"5":1,"6":1,"7":4,"8":2,"9":3,"10":3,"11":3,"12":5,"13":5,"14":5,"15":5,"16":4,"17":4},"f":{"0":4,"1":1,"2":1,"3":2},"b":{}}
,"D:\\Softwares\\Prosoft\\Projects\\Web\\Project Percept\\src\\core\\drawing.ts": {"path":"D:\\Softwares\\Prosoft\\Projects\\Web\\Project Percept\\src\\core\\drawing.ts","statementMap":{"0":{"start":{"line":1,"column":0},"end":{"line":1,"column":47}},"1":{"start":{"line":2,"column":0},"end":{"line":2,"column":40}},"2":{"start":{"line":3,"column":0},"end":{"line":3,"column":38}},"3":{"start":{"line":14,"column":0},"end":{"line":14,"column":13}},"4":{"start":{"line":28,"column":21},"end":{"line":28,"column":35}},"5":{"start":{"line":28,"column":44},"end":{"line":28,"column":67}},"6":{"start":{"line":29,"column":19},"end":{"line":29,"column":52}},"7":{"start":{"line":30,"column":4},"end":{"line":30,"column":43}},"8":{"start":{"line":31,"column":4},"end":{"line":31,"column":28}},"9":{"start":{"line":32,"column":4},"end":{"line":32,"column":31}},"10":{"start":{"line":33,"column":4},"end":{"line":33,"column":25}},"11":{"start":{"line":35,"column":4},"end":{"line":35,"column":34}},"12":{"start":{"line":36,"column":4},"end":{"line":36,"column":26}},"13":{"start":{"line":37,"column":4},"end":{"line":37,"column":27}},"14":{"start":{"line":98,"column":2},"end":{"line":120,"column":null}},"15":{"start":{"line":99,"column":4},"end":{"line":99,"column":79}},"16":{"start":{"line":100,"column":4},"end":{"line":105,"column":6}},"17":{"start":{"line":107,"column":4},"end":{"line":107,"column":35}},"18":{"start":{"line":109,"column":4},"end":{"line":109,"column":45}},"19":{"start":{"line":111,"column":4},"end":{"line":113,"column":7}},"20":{"start":{"line":112,"column":6},"end":{"line":112,"column":35}},"21":{"start":{"line":115,"column":4},"end":{"line":117,"column":7}},"22":{"start":{"line":116,"column":6},"end":{"line":116,"column":26}},"23":{"start":{"line":119,"column":4},"end":{"line":119,"column":53}},"24":{"start":{"line":127,"column":2},"end":{"line":141,"column":null}},"25":{"start":{"line":127,"column":2},"end":{"line":127,"column":5}},"26":{"start":{"line":128,"column":4},"end":{"line":140,"column":null}},"27":{"start":{"line":129,"column":6},"end":{"line":129,"column":36}},"28":{"start":{"line":130,"column":6},"end":{"line":130,"column":67}},"29":{"start":{"line":131,"column":6},"end":{"line":131,"column":28}},"30":{"start":{"line":132,"column":6},"end":{"line":132,"column":25}},"31":{"start":{"line":134,"column":6},"end":{"line":139,"column":9}},"32":{"start":{"line":135,"column":8},"end":{"line":135,"column":39}},"33":{"start":{"line":136,"column":8},"end":{"line":136,"column":70}},"34":{"start":{"line":137,"column":8},"end":{"line":137,"column":31}},"35":{"start":{"line":138,"column":8},"end":{"line":138,"column":28}},"36":{"start":{"line":148,"column":2},"end":{"line":167,"column":null}},"37":{"start":{"line":149,"column":4},"end":{"line":149,"column":57}},"38":{"start":{"line":149,"column":34},"end":{"line":149,"column":57}},"39":{"start":{"line":151,"column":16},"end":{"line":151,"column":18}},"40":{"start":{"line":153,"column":4},"end":{"line":153,"column":32}},"41":{"start":{"line":155,"column":4},"end":{"line":166,"column":null}},"42":{"start":{"line":156,"column":6},"end":{"line":165,"column":null}},"43":{"start":{"line":157,"column":8},"end":{"line":160,"column":10}},"44":{"start":{"line":162,"column":8},"end":{"line":164,"column":11}},"45":{"start":{"line":163,"column":10},"end":{"line":163,"column":33}},"46":{"start":{"line":177,"column":0},"end":{"line":177,"column":null}},"47":{"start":{"line":14,"column":13},"end":{"line":14,"column":20}}},"fnMap":{"0":{"name":"(anonymous_0)","decl":{"start":{"line":14,"column":0},"end":{"line":14,"column":13}},"loc":{"start":{"line":14,"column":0},"end":{"line":177,"column":null}}},"1":{"name":"Drawing","decl":{"start":{"line":28,"column":2},"end":{"line":28,"column":21}},"loc":{"start":{"line":28,"column":67},"end":{"line":38,"column":3}}},"2":{"name":"(anonymous_2)","decl":{"start":{"line":98,"column":2},"end":{"line":98,"column":8}},"loc":{"start":{"line":98,"column":2},"end":{"line":120,"column":3}}},"3":{"name":"(anonymous_3)","decl":{"start":{"line":111,"column":45},"end":{"line":111,"column":46}},"loc":{"start":{"line":111,"column":51},"end":{"line":113,"column":5}}},"4":{"name":"(anonymous_4)","decl":{"start":{"line":115,"column":45},"end":{"line":115,"column":46}},"loc":{"start":{"line":115,"column":51},"end":{"line":117,"column":5}}},"5":{"name":"(anonymous_5)","decl":{"start":{"line":127,"column":2},"end":{"line":127,"column":5}},"loc":{"start":{"line":127,"column":25},"end":{"line":141,"column":3}}},"6":{"name":"(anonymous_6)","decl":{"start":{"line":134,"column":19},"end":{"line":134,"column":20}},"loc":{"start":{"line":134,"column":25},"end":{"line":139,"column":7}}},"7":{"name":"(anonymous_7)","decl":{"start":{"line":148,"column":2},"end":{"line":148,"column":8}},"loc":{"start":{"line":148,"column":32},"end":{"line":167,"column":3}}},"8":{"name":"(anonymous_8)","decl":{"start":{"line":162,"column":45},"end":{"line":162,"column":46}},"loc":{"start":{"line":162,"column":51},"end":{"line":164,"column":9}}}},"branchMap":{"0":{"loc":{"start":{"line":109,"column":4},"end":{"line":109,"column":44}},"type":"binary-expr","locations":[{"start":{"line":109,"column":4},"end":{"line":109,"column":21}},{"start":{"line":109,"column":25},"end":{"line":109,"column":44}}]},"1":{"loc":{"start":{"line":128,"column":4},"end":{"line":140,"column":null}},"type":"if","locations":[{"start":{"line":128,"column":4},"end":{"line":140,"column":null}},{"start":{"line":133,"column":11},"end":{"line":140,"column":null}}]},"2":{"loc":{"start":{"line":149,"column":4},"end":{"line":149,"column":57}},"type":"if","locations":[{"start":{"line":149,"column":4},"end":{"line":149,"column":57}}]},"3":{"loc":{"start":{"line":156,"column":6},"end":{"line":165,"column":null}},"type":"if","locations":[{"start":{"line":156,"column":6},"end":{"line":165,"column":null}},{"start":{"line":161,"column":13},"end":{"line":165,"column":null}}]}},"s":{"0":4,"1":4,"2":4,"3":4,"4":32,"5":32,"6":32,"7":32,"8":32,"9":32,"10":32,"11":32,"12":32,"13":32,"14":4,"15":1,"16":1,"17":1,"18":1,"19":1,"20":1,"21":1,"22":1,"23":1,"24":4,"25":11,"26":11,"27":8,"28":8,"29":8,"30":8,"31":3,"32":7,"33":7,"34":7,"35":7,"36":4,"37":3,"38":1,"39":3,"40":3,"41":3,"42":10,"43":3,"44":7,"45":7,"46":4,"47":4},"f":{"0":4,"1":32,"2":1,"3":1,"4":1,"5":11,"6":7,"7":3,"8":7},"b":{"0":[1,1],"1":[8,3],"2":[1],"3":[3,7]}}
,"D:\\Softwares\\Prosoft\\Projects\\Web\\Project Percept\\src\\core\\index.ts": {"path":"D:\\Softwares\\Prosoft\\Projects\\Web\\Project Percept\\src\\core\\index.ts","statementMap":{"0":{"start":{"line":1,"column":0},"end":{"line":1,"column":25}},"1":{"start":{"line":2,"column":0},"end":{"line":2,"column":24}},"2":{"start":{"line":3,"column":0},"end":{"line":3,"column":24}},"3":{"start":{"line":4,"column":0},"end":{"line":4,"column":26}},"4":{"start":{"line":5,"column":0},"end":{"line":5,"column":24}},"5":{"start":{"line":6,"column":0},"end":{"line":6,"column":23}}},"fnMap":{},"branchMap":{},"s":{"0":4,"1":4,"2":4,"3":4,"4":4,"5":4},"f":{},"b":{}}
,"D:\\Softwares\\Prosoft\\Projects\\Web\\Project Percept\\src\\core\\node.ts": {"path":"D:\\Softwares\\Prosoft\\Projects\\Web\\Project Percept\\src\\core\\node.ts","statementMap":{"0":{"start":{"line":1,"column":0},"end":{"line":1,"column":44}},"1":{"start":{"line":4,"column":0},"end":{"line":4,"column":32}},"2":{"start":{"line":6,"column":0},"end":{"line":6,"column":22}},"3":{"start":{"line":76,"column":21},"end":{"line":76,"column":31}},"4":{"start":{"line":77,"column":4},"end":{"line":84,"column":6}},"5":{"start":{"line":85,"column":4},"end":{"line":85,"column":31}},"6":{"start":{"line":86,"column":4},"end":{"line":86,"column":19}},"7":{"start":{"line":19,"column":2},"end":{"line":21,"column":null}},"8":{"start":{"line":20,"column":4},"end":{"line":20,"column":22}},"9":{"start":{"line":23,"column":4},"end":{"line":23,"column":24}},"10":{"start":{"line":25,"column":4},"end":{"line":29,"column":null}},"11":{"start":{"line":26,"column":6},"end":{"line":28,"column":9}},"12":{"start":{"line":27,"column":8},"end":{"line":27,"column":43}},"13":{"start":{"line":32,"column":2},"end":{"line":34,"column":null}},"14":{"start":{"line":33,"column":4},"end":{"line":33,"column":38}},"15":{"start":{"line":36,"column":4},"end":{"line":36,"column":48}},"16":{"start":{"line":39,"column":2},"end":{"line":43,"column":null}},"17":{"start":{"line":40,"column":4},"end":{"line":42,"column":7}},"18":{"start":{"line":41,"column":6},"end":{"line":41,"column":24}},"19":{"start":{"line":45,"column":2},"end":{"line":47,"column":null}},"20":{"start":{"line":46,"column":4},"end":{"line":46,"column":35}},"21":{"start":{"line":49,"column":4},"end":{"line":49,"column":39}},"22":{"start":{"line":51,"column":2},"end":{"line":53,"column":null}},"23":{"start":{"line":52,"column":4},"end":{"line":52,"column":43}},"24":{"start":{"line":55,"column":2},"end":{"line":57,"column":null}},"25":{"start":{"line":56,"column":4},"end":{"line":56,"column":35}},"26":{"start":{"line":59,"column":4},"end":{"line":59,"column":38}},"27":{"start":{"line":62,"column":2},"end":{"line":64,"column":null}},"28":{"start":{"line":63,"column":4},"end":{"line":63,"column":40}},"29":{"start":{"line":66,"column":4},"end":{"line":66,"column":43}},"30":{"start":{"line":69,"column":2},"end":{"line":71,"column":null}},"31":{"start":{"line":70,"column":4},"end":{"line":70,"column":32}},"32":{"start":{"line":73,"column":4},"end":{"line":73,"column":33}},"33":{"start":{"line":89,"column":2},"end":{"line":102,"column":null}},"34":{"start":{"line":91,"column":24},"end":{"line":91,"column":38}},"35":{"start":{"line":92,"column":4},"end":{"line":94,"column":null}},"36":{"start":{"line":93,"column":6},"end":{"line":93,"column":29}},"37":{"start":{"line":96,"column":4},"end":{"line":96,"column":26}},"38":{"start":{"line":97,"column":4},"end":{"line":97,"column":43}},"39":{"start":{"line":99,"column":4},"end":{"line":101,"column":7}},"40":{"start":{"line":100,"column":6},"end":{"line":100,"column":31}},"41":{"start":{"line":104,"column":2},"end":{"line":106,"column":null}},"42":{"start":{"line":105,"column":4},"end":{"line":105,"column":47}},"43":{"start":{"line":108,"column":2},"end":{"line":117,"column":null}},"44":{"start":{"line":109,"column":4},"end":{"line":109,"column":24}},"45":{"start":{"line":110,"column":4},"end":{"line":110,"column":19}},"46":{"start":{"line":111,"column":4},"end":{"line":111,"column":27}},"47":{"start":{"line":112,"column":4},"end":{"line":112,"column":21}},"48":{"start":{"line":114,"column":4},"end":{"line":116,"column":null}},"49":{"start":{"line":114,"column":22},"end":{"line":114,"column":26}},"50":{"start":{"line":114,"column":22},"end":{"line":114,"column":43}},"51":{"start":{"line":114,"column":18},"end":{"line":114,"column":22}},"52":{"start":{"line":115,"column":6},"end":{"line":115,"column":26}},"53":{"start":{"line":119,"column":2},"end":{"line":123,"column":null}},"54":{"start":{"line":120,"column":4},"end":{"line":120,"column":27}},"55":{"start":{"line":121,"column":4},"end":{"line":121,"column":22}},"56":{"start":{"line":122,"column":4},"end":{"line":122,"column":30}},"57":{"start":{"line":125,"column":2},"end":{"line":137,"column":null}},"58":{"start":{"line":126,"column":4},"end":{"line":132,"column":null}},"59":{"start":{"line":127,"column":6},"end":{"line":131,"column":null}},"60":{"start":{"line":128,"column":8},"end":{"line":128,"column":53}},"61":{"start":{"line":130,"column":8},"end":{"line":130,"column":44}},"62":{"start":{"line":134,"column":4},"end":{"line":136,"column":null}},"63":{"start":{"line":134,"column":22},"end":{"line":134,"column":26}},"64":{"start":{"line":134,"column":22},"end":{"line":134,"column":43}},"65":{"start":{"line":134,"column":18},"end":{"line":134,"column":22}},"66":{"start":{"line":135,"column":6},"end":{"line":135,"column":36}},"67":{"start":{"line":139,"column":2},"end":{"line":148,"column":null}},"68":{"start":{"line":143,"column":4},"end":{"line":143,"column":27}},"69":{"start":{"line":144,"column":4},"end":{"line":144,"column":33}},"70":{"start":{"line":145,"column":4},"end":{"line":147,"column":7}},"71":{"start":{"line":146,"column":6},"end":{"line":146,"column":49}},"72":{"start":{"line":150,"column":2},"end":{"line":155,"column":null}},"73":{"start":{"line":151,"column":4},"end":{"line":151,"column":27}},"74":{"start":{"line":152,"column":4},"end":{"line":154,"column":7}},"75":{"start":{"line":153,"column":6},"end":{"line":153,"column":37}},"76":{"start":{"line":157,"column":2},"end":{"line":159,"column":null}},"77":{"start":{"line":158,"column":4},"end":{"line":158,"column":33}},"78":{"start":{"line":160,"column":0},"end":{"line":160,"column":null}},"79":{"start":{"line":6,"column":22},"end":{"line":6,"column":26}}},"fnMap":{"0":{"name":"(anonymous_1)","decl":{"start":{"line":6,"column":0},"end":{"line":6,"column":22}},"loc":{"start":{"line":6,"column":0},"end":{"line":160,"column":null}}},"1":{"name":"Node","decl":{"start":{"line":76,"column":2},"end":{"line":76,"column":21}},"loc":{"start":{"line":76,"column":74},"end":{"line":87,"column":3}}},"2":{"name":"(anonymous_3)","decl":{"start":{"line":19,"column":2},"end":{"line":19,"column":6}},"loc":{"start":{"line":19,"column":2},"end":{"line":21,"column":3}}},"3":{"name":"(anonymous_4)","decl":{"start":{"line":22,"column":2},"end":{"line":22,"column":13}},"loc":{"start":{"line":22,"column":27},"end":{"line":30,"column":3}}},"4":{"name":"(anonymous_5)","decl":{"start":{"line":26,"column":40},"end":{"line":26,"column":41}},"loc":{"start":{"line":26,"column":45},"end":{"line":28,"column":7}}},"5":{"name":"(anonymous_6)","decl":{"start":{"line":32,"column":2},"end":{"line":32,"column":6}},"loc":{"start":{"line":32,"column":2},"end":{"line":34,"column":3}}},"6":{"name":"(anonymous_7)","decl":{"start":{"line":35,"column":2},"end":{"line":35,"column":13}},"loc":{"start":{"line":35,"column":28},"end":{"line":37,"column":3}}},"7":{"name":"(anonymous_8)","decl":{"start":{"line":39,"column":2},"end":{"line":39,"column":6}},"loc":{"start":{"line":39,"column":2},"end":{"line":43,"column":3}}},"8":{"name":"(anonymous_9)","decl":{"start":{"line":40,"column":37},"end":{"line":40,"column":38}},"loc":{"start":{"line":40,"column":43},"end":{"line":42,"column":5}}},"9":{"name":"(anonymous_10)","decl":{"start":{"line":45,"column":2},"end":{"line":45,"column":6}},"loc":{"start":{"line":45,"column":2},"end":{"line":47,"column":3}}},"10":{"name":"(anonymous_11)","decl":{"start":{"line":48,"column":2},"end":{"line":48,"column":15}},"loc":{"start":{"line":48,"column":31},"end":{"line":50,"column":3}}},"11":{"name":"(anonymous_12)","decl":{"start":{"line":51,"column":2},"end":{"line":51,"column":6}},"loc":{"start":{"line":51,"column":2},"end":{"line":53,"column":3}}},"12":{"name":"(anonymous_13)","decl":{"start":{"line":55,"column":2},"end":{"line":55,"column":6}},"loc":{"start":{"line":55,"column":2},"end":{"line":57,"column":3}}},"13":{"name":"(anonymous_14)","decl":{"start":{"line":58,"column":2},"end":{"line":58,"column":15}},"loc":{"start":{"line":58,"column":30},"end":{"line":60,"column":3}}},"14":{"name":"(anonymous_15)","decl":{"start":{"line":62,"column":2},"end":{"line":62,"column":6}},"loc":{"start":{"line":62,"column":2},"end":{"line":64,"column":3}}},"15":{"name":"(anonymous_16)","decl":{"start":{"line":65,"column":2},"end":{"line":65,"column":20}},"loc":{"start":{"line":65,"column":35},"end":{"line":67,"column":3}}},"16":{"name":"(anonymous_17)","decl":{"start":{"line":69,"column":2},"end":{"line":69,"column":6}},"loc":{"start":{"line":69,"column":2},"end":{"line":71,"column":3}}},"17":{"name":"(anonymous_18)","decl":{"start":{"line":72,"column":2},"end":{"line":72,"column":12}},"loc":{"start":{"line":72,"column":25},"end":{"line":74,"column":3}}},"18":{"name":"(anonymous_19)","decl":{"start":{"line":89,"column":2},"end":{"line":89,"column":13}},"loc":{"start":{"line":89,"column":2},"end":{"line":102,"column":3}}},"19":{"name":"(anonymous_20)","decl":{"start":{"line":99,"column":34},"end":{"line":99,"column":35}},"loc":{"start":{"line":99,"column":40},"end":{"line":101,"column":5}}},"20":{"name":"(anonymous_21)","decl":{"start":{"line":104,"column":2},"end":{"line":104,"column":4}},"loc":{"start":{"line":104,"column":41},"end":{"line":106,"column":3}}},"21":{"name":"(anonymous_22)","decl":{"start":{"line":108,"column":2},"end":{"line":108,"column":8}},"loc":{"start":{"line":108,"column":2},"end":{"line":117,"column":3}}},"22":{"name":"(anonymous_23)","decl":{"start":{"line":119,"column":2},"end":{"line":119,"column":11}},"loc":{"start":{"line":119,"column":2},"end":{"line":123,"column":3}}},"23":{"name":"(anonymous_24)","decl":{"start":{"line":125,"column":2},"end":{"line":125,"column":6}},"loc":{"start":{"line":125,"column":35},"end":{"line":137,"column":3}}},"24":{"name":"(anonymous_25)","decl":{"start":{"line":139,"column":2},"end":{"line":139,"column":12}},"loc":{"start":{"line":141,"column":76},"end":{"line":148,"column":3}}},"25":{"name":"(anonymous_26)","decl":{"start":{"line":145,"column":34},"end":{"line":145,"column":35}},"loc":{"start":{"line":145,"column":40},"end":{"line":147,"column":5}}},"26":{"name":"(anonymous_27)","decl":{"start":{"line":150,"column":2},"end":{"line":150,"column":12}},"loc":{"start":{"line":150,"column":29},"end":{"line":155,"column":3}}},"27":{"name":"(anonymous_28)","decl":{"start":{"line":152,"column":34},"end":{"line":152,"column":35}},"loc":{"start":{"line":152,"column":40},"end":{"line":154,"column":5}}},"28":{"name":"(anonymous_29)","decl":{"start":{"line":157,"column":2},"end":{"line":157,"column":9}},"loc":{"start":{"line":157,"column":2},"end":{"line":159,"column":3}}}},"branchMap":{"0":{"loc":{"start":{"line":25,"column":4},"end":{"line":29,"column":null}},"type":"if","locations":[{"start":{"line":25,"column":4},"end":{"line":29,"column":null}}]},"1":{"loc":{"start":{"line":126,"column":4},"end":{"line":132,"column":null}},"type":"if","locations":[{"start":{"line":126,"column":4},"end":{"line":132,"column":null}}]},"2":{"loc":{"start":{"line":127,"column":6},"end":{"line":131,"column":null}},"type":"if","locations":[{"start":{"line":127,"column":6},"end":{"line":131,"column":null}},{"start":{"line":129,"column":13},"end":{"line":131,"column":null}}]}},"s":{"0":6,"1":6,"2":6,"3":96,"4":96,"5":96,"6":96,"7":6,"8":1,"9":1,"10":1,"11":1,"12":1,"13":6,"14":3,"15":25,"16":6,"17":11,"18":18,"19":6,"20":3,"21":1,"22":6,"23":2,"24":6,"25":1,"26":1,"27":6,"28":1,"29":1,"30":6,"31":2,"32":1,"33":6,"34":6,"35":6,"36":1,"37":6,"38":6,"39":6,"40":1,"41":6,"42":3,"43":6,"44":2,"45":2,"46":2,"47":2,"48":2,"49":2,"50":2,"51":1,"52":1,"53":6,"54":3,"55":3,"56":3,"57":6,"58":4,"59":2,"60":1,"61":1,"62":4,"63":4,"64":4,"65":3,"66":3,"67":6,"68":6,"69":6,"70":6,"71":1,"72":6,"73":6,"74":6,"75":1,"76":6,"77":1,"78":6,"79":6},"f":{"0":6,"1":96,"2":1,"3":1,"4":1,"5":3,"6":25,"7":11,"8":18,"9":3,"10":1,"11":2,"12":1,"13":1,"14":1,"15":1,"16":2,"17":1,"18":6,"19":1,"20":3,"21":2,"22":3,"23":4,"24":6,"25":1,"26":6,"27":1,"28":1},"b":{"0":[1],"1":[2],"2":[1,1]}}
,"D:\\Softwares\\Prosoft\\Projects\\Web\\Project Percept\\src\\math\\dimension.ts": {"path":"D:\\Softwares\\Prosoft\\Projects\\Web\\Project Percept\\src\\math\\dimension.ts","statementMap":{"0":{"start":{"line":1,"column":0},"end":{"line":1,"column":13}},"1":{"start":{"line":2,"column":21},"end":{"line":2,"column":34}},"2":{"start":{"line":2,"column":43},"end":{"line":2,"column":57}},"3":{"start":{"line":4,"column":2},"end":{"line":6,"column":null}},"4":{"start":{"line":5,"column":4},"end":{"line":5,"column":45}},"5":{"start":{"line":7,"column":0},"end":{"line":7,"column":null}},"6":{"start":{"line":1,"column":13},"end":{"line":1,"column":22}}},"fnMap":{"0":{"name":"(anonymous_0)","decl":{"start":{"line":1,"column":0},"end":{"line":1,"column":13}},"loc":{"start":{"line":1,"column":0},"end":{"line":7,"column":null}}},"1":{"name":"Dimension","decl":{"start":{"line":2,"column":2},"end":{"line":2,"column":21}},"loc":{"start":{"line":2,"column":57},"end":{"line":2,"column":61}}},"2":{"name":"(anonymous_2)","decl":{"start":{"line":4,"column":2},"end":{"line":4,"column":5}},"loc":{"start":{"line":4,"column":2},"end":{"line":6,"column":3}}}},"branchMap":{},"s":{"0":7,"1":1,"2":1,"3":7,"4":1,"5":7,"6":7},"f":{"0":7,"1":1,"2":1},"b":{}}
,"D:\\Softwares\\Prosoft\\Projects\\Web\\Project Percept\\src\\math\\index.ts": {"path":"D:\\Softwares\\Prosoft\\Projects\\Web\\Project Percept\\src\\math\\index.ts","statementMap":{"0":{"start":{"line":1,"column":0},"end":{"line":1,"column":28}},"1":{"start":{"line":2,"column":0},"end":{"line":2,"column":25}},"2":{"start":{"line":3,"column":0},"end":{"line":3,"column":28}},"3":{"start":{"line":4,"column":0},"end":{"line":4,"column":25}}},"fnMap":{},"branchMap":{},"s":{"0":6,"1":6,"2":6,"3":6},"f":{},"b":{}}
,"D:\\Softwares\\Prosoft\\Projects\\Web\\Project Percept\\src\\math\\matrix.ts": {"path":"D:\\Softwares\\Prosoft\\Projects\\Web\\Project Percept\\src\\math\\matrix.ts","statementMap":{"0":{"start":{"line":4,"column":0},"end":{"line":4,"column":13}},"1":{"start":{"line":8,"column":4},"end":{"line":8,"column":23}},"2":{"start":{"line":47,"column":2},"end":{"line":49,"column":null}},"3":{"start":{"line":48,"column":4},"end":{"line":48,"column":47}},"4":{"start":{"line":51,"column":2},"end":{"line":54,"column":null}},"5":{"start":{"line":52,"column":4},"end":{"line":52,"column":41}},"6":{"start":{"line":53,"column":4},"end":{"line":53,"column":16}},"7":{"start":{"line":56,"column":2},"end":{"line":62,"column":null}},"8":{"start":{"line":57,"column":4},"end":{"line":61,"column":7}},"9":{"start":{"line":67,"column":2},"end":{"line":69,"column":null}},"10":{"start":{"line":68,"column":4},"end":{"line":68,"column":76}},"11":{"start":{"line":71,"column":9},"end":{"line":77,"column":null}},"12":{"start":{"line":72,"column":4},"end":{"line":76,"column":7}},"13":{"start":{"line":79,"column":9},"end":{"line":85,"column":null}},"14":{"start":{"line":80,"column":4},"end":{"line":84,"column":7}},"15":{"start":{"line":87,"column":9},"end":{"line":101,"column":null}},"16":{"start":{"line":88,"column":17},"end":{"line":88,"column":79}},"17":{"start":{"line":88,"column":54},"end":{"line":88,"column":79}},"18":{"start":{"line":90,"column":4},"end":{"line":98,"column":null}},"19":{"start":{"line":90,"column":17},"end":{"line":90,"column":18}},"20":{"start":{"line":91,"column":6},"end":{"line":97,"column":null}},"21":{"start":{"line":91,"column":19},"end":{"line":91,"column":20}},"22":{"start":{"line":92,"column":18},"end":{"line":92,"column":19}},"23":{"start":{"line":93,"column":8},"end":{"line":95,"column":null}},"24":{"start":{"line":93,"column":21},"end":{"line":93,"column":22}},"25":{"start":{"line":94,"column":10},"end":{"line":94,"column":47}},"26":{"start":{"line":96,"column":8},"end":{"line":96,"column":27}},"27":{"start":{"line":100,"column":4},"end":{"line":100,"column":18}},"28":{"start":{"line":102,"column":0},"end":{"line":102,"column":null}},"29":{"start":{"line":4,"column":13},"end":{"line":4,"column":19}}},"fnMap":{"0":{"name":"(anonymous_1)","decl":{"start":{"line":4,"column":0},"end":{"line":4,"column":13}},"loc":{"start":{"line":4,"column":0},"end":{"line":102,"column":null}}},"1":{"name":"Matrix","decl":{"start":{"line":7,"column":2},"end":{"line":7,"column":14}},"loc":{"start":{"line":7,"column":31},"end":{"line":9,"column":3}}},"2":{"name":"(anonymous_3)","decl":{"start":{"line":47,"column":2},"end":{"line":47,"column":10}},"loc":{"start":{"line":47,"column":39},"end":{"line":49,"column":3}}},"3":{"name":"(anonymous_4)","decl":{"start":{"line":51,"column":2},"end":{"line":51,"column":17}},"loc":{"start":{"line":51,"column":46},"end":{"line":54,"column":3}}},"4":{"name":"(anonymous_5)","decl":{"start":{"line":56,"column":2},"end":{"line":56,"column":7}},"loc":{"start":{"line":56,"column":2},"end":{"line":62,"column":3}}},"5":{"name":"(anonymous_6)","decl":{"start":{"line":67,"column":2},"end":{"line":67,"column":13}},"loc":{"start":{"line":67,"column":2},"end":{"line":69,"column":3}}},"6":{"name":"(anonymous_7)","decl":{"start":{"line":71,"column":2},"end":{"line":71,"column":9}},"loc":{"start":{"line":71,"column":2},"end":{"line":77,"column":3}}},"7":{"name":"(anonymous_8)","decl":{"start":{"line":79,"column":2},"end":{"line":79,"column":9}},"loc":{"start":{"line":79,"column":2},"end":{"line":85,"column":3}}},"8":{"name":"(anonymous_9)","decl":{"start":{"line":87,"column":2},"end":{"line":87,"column":9}},"loc":{"start":{"line":87,"column":58},"end":{"line":101,"column":3}}},"9":{"name":"(anonymous_10)","decl":{"start":{"line":88,"column":48},"end":{"line":88,"column":54}},"loc":{"start":{"line":88,"column":48},"end":{"line":88,"column":59}}}},"branchMap":{},"s":{"0":7,"1":266,"2":7,"3":10,"4":7,"5":2,"6":2,"7":7,"8":2,"9":7,"10":1,"11":7,"12":237,"13":7,"14":1,"15":7,"16":10,"17":12,"18":10,"19":10,"20":12,"21":12,"22":36,"23":36,"24":36,"25":108,"26":36,"27":10,"28":7,"29":7},"f":{"0":7,"1":266,"2":10,"3":2,"4":2,"5":1,"6":237,"7":1,"8":10,"9":12},"b":{}}
,"D:\\Softwares\\Prosoft\\Projects\\Web\\Project Percept\\src\\math\\transform.ts": {"path":"D:\\Softwares\\Prosoft\\Projects\\Web\\Project Percept\\src\\math\\transform.ts","statementMap":{"0":{"start":{"line":1,"column":0},"end":{"line":1,"column":41}},"1":{"start":{"line":2,"column":0},"end":{"line":2,"column":47}},"2":{"start":{"line":6,"column":0},"end":{"line":6,"column":13}},"3":{"start":{"line":78,"column":11},"end":{"line":78,"column":21}},"4":{"start":{"line":80,"column":4},"end":{"line":80,"column":30}},"5":{"start":{"line":81,"column":4},"end":{"line":81,"column":40}},"6":{"start":{"line":82,"column":4},"end":{"line":82,"column":30}},"7":{"start":{"line":83,"column":4},"end":{"line":83,"column":24}},"8":{"start":{"line":84,"column":4},"end":{"line":84,"column":24}},"9":{"start":{"line":85,"column":4},"end":{"line":85,"column":21}},"10":{"start":{"line":86,"column":4},"end":{"line":86,"column":43}},"11":{"start":{"line":87,"column":4},"end":{"line":87,"column":44}},"12":{"start":{"line":88,"column":4},"end":{"line":88,"column":70}},"13":{"start":{"line":89,"column":4},"end":{"line":89,"column":44}},"14":{"start":{"line":20,"column":2},"end":{"line":22,"column":null}},"15":{"start":{"line":21,"column":4},"end":{"line":21,"column":24}},"16":{"start":{"line":24,"column":4},"end":{"line":29,"column":null}},"17":{"start":{"line":25,"column":20},"end":{"line":25,"column":53}},"18":{"start":{"line":26,"column":6},"end":{"line":28,"column":null}},"19":{"start":{"line":27,"column":8},"end":{"line":27,"column":45}},"20":{"start":{"line":30,"column":4},"end":{"line":30,"column":45}},"21":{"start":{"line":31,"column":4},"end":{"line":31,"column":29}},"22":{"start":{"line":33,"column":4},"end":{"line":37,"column":null}},"23":{"start":{"line":34,"column":6},"end":{"line":36,"column":9}},"24":{"start":{"line":35,"column":8},"end":{"line":35,"column":43}},"25":{"start":{"line":40,"column":2},"end":{"line":42,"column":null}},"26":{"start":{"line":41,"column":4},"end":{"line":41,"column":26}},"27":{"start":{"line":44,"column":4},"end":{"line":44,"column":33}},"28":{"start":{"line":47,"column":2},"end":{"line":49,"column":null}},"29":{"start":{"line":48,"column":4},"end":{"line":48,"column":56}},"30":{"start":{"line":51,"column":2},"end":{"line":53,"column":null}},"31":{"start":{"line":52,"column":4},"end":{"line":52,"column":26}},"32":{"start":{"line":55,"column":4},"end":{"line":55,"column":35}},"33":{"start":{"line":58,"column":2},"end":{"line":60,"column":null}},"34":{"start":{"line":59,"column":4},"end":{"line":59,"column":31}},"35":{"start":{"line":62,"column":4},"end":{"line":62,"column":44}},"36":{"start":{"line":65,"column":2},"end":{"line":67,"column":null}},"37":{"start":{"line":66,"column":4},"end":{"line":66,"column":23}},"38":{"start":{"line":69,"column":4},"end":{"line":69,"column":27}},"39":{"start":{"line":173,"column":2},"end":{"line":175,"column":null}},"40":{"start":{"line":174,"column":4},"end":{"line":174,"column":53}},"41":{"start":{"line":176,"column":0},"end":{"line":176,"column":null}},"42":{"start":{"line":6,"column":13},"end":{"line":6,"column":22}}},"fnMap":{"0":{"name":"(anonymous_1)","decl":{"start":{"line":6,"column":0},"end":{"line":6,"column":13}},"loc":{"start":{"line":6,"column":0},"end":{"line":176,"column":null}}},"1":{"name":"Transform","decl":{"start":{"line":72,"column":2},"end":{"line":72,"column":null}},"loc":{"start":{"line":78,"column":21},"end":{"line":90,"column":3}}},"2":{"name":"(anonymous_3)","decl":{"start":{"line":20,"column":2},"end":{"line":20,"column":6}},"loc":{"start":{"line":20,"column":2},"end":{"line":22,"column":3}}},"3":{"name":"(anonymous_4)","decl":{"start":{"line":23,"column":2},"end":{"line":23,"column":13}},"loc":{"start":{"line":23,"column":33},"end":{"line":38,"column":3}}},"4":{"name":"(anonymous_5)","decl":{"start":{"line":34,"column":31},"end":{"line":34,"column":32}},"loc":{"start":{"line":34,"column":36},"end":{"line":36,"column":7}}},"5":{"name":"(anonymous_6)","decl":{"start":{"line":40,"column":2},"end":{"line":40,"column":6}},"loc":{"start":{"line":40,"column":2},"end":{"line":42,"column":3}}},"6":{"name":"(anonymous_7)","decl":{"start":{"line":43,"column":2},"end":{"line":43,"column":15}},"loc":{"start":{"line":43,"column":34},"end":{"line":45,"column":3}}},"7":{"name":"(anonymous_8)","decl":{"start":{"line":47,"column":2},"end":{"line":47,"column":6}},"loc":{"start":{"line":47,"column":2},"end":{"line":49,"column":3}}},"8":{"name":"(anonymous_9)","decl":{"start":{"line":51,"column":2},"end":{"line":51,"column":6}},"loc":{"start":{"line":51,"column":2},"end":{"line":53,"column":3}}},"9":{"name":"(anonymous_10)","decl":{"start":{"line":54,"column":2},"end":{"line":54,"column":15}},"loc":{"start":{"line":54,"column":30},"end":{"line":56,"column":3}}},"10":{"name":"(anonymous_11)","decl":{"start":{"line":58,"column":2},"end":{"line":58,"column":6}},"loc":{"start":{"line":58,"column":2},"end":{"line":60,"column":3}}},"11":{"name":"(anonymous_12)","decl":{"start":{"line":61,"column":2},"end":{"line":61,"column":20}},"loc":{"start":{"line":61,"column":39},"end":{"line":63,"column":3}}},"12":{"name":"(anonymous_13)","decl":{"start":{"line":65,"column":2},"end":{"line":65,"column":6}},"loc":{"start":{"line":65,"column":2},"end":{"line":67,"column":3}}},"13":{"name":"(anonymous_14)","decl":{"start":{"line":68,"column":2},"end":{"line":68,"column":12}},"loc":{"start":{"line":68,"column":28},"end":{"line":70,"column":3}}},"14":{"name":"(anonymous_15)","decl":{"start":{"line":173,"column":2},"end":{"line":173,"column":22}},"loc":{"start":{"line":173,"column":52},"end":{"line":175,"column":3}}}},"branchMap":{"0":{"loc":{"start":{"line":24,"column":4},"end":{"line":29,"column":null}},"type":"if","locations":[{"start":{"line":24,"column":4},"end":{"line":29,"column":null}}]},"1":{"loc":{"start":{"line":26,"column":6},"end":{"line":28,"column":null}},"type":"if","locations":[{"start":{"line":26,"column":6},"end":{"line":28,"column":null}}]},"2":{"loc":{"start":{"line":30,"column":4},"end":{"line":30,"column":44}},"type":"binary-expr","locations":[{"start":{"line":30,"column":4},"end":{"line":30,"column":13}},{"start":{"line":30,"column":17},"end":{"line":30,"column":44}}]},"3":{"loc":{"start":{"line":33,"column":4},"end":{"line":37,"column":null}},"type":"if","locations":[{"start":{"line":33,"column":4},"end":{"line":37,"column":null}}]}},"s":{"0":6,"1":6,"2":6,"3":117,"4":117,"5":117,"6":117,"7":117,"8":117,"9":117,"10":117,"11":117,"12":117,"13":117,"14":6,"15":14,"16":29,"17":1,"18":1,"19":1,"20":29,"21":29,"22":29,"23":29,"24":12,"25":6,"26":46,"27":3,"28":6,"29":5,"30":6,"31":5,"32":4,"33":6,"34":7,"35":4,"36":6,"37":9,"38":3,"39":6,"40":2,"41":6,"42":6},"f":{"0":6,"1":117,"2":14,"3":29,"4":12,"5":46,"6":3,"7":5,"8":5,"9":4,"10":7,"11":4,"12":9,"13":3,"14":2},"b":{"0":[1],"1":[1],"2":[29,29],"3":[29]}}
,"D:\\Softwares\\Prosoft\\Projects\\Web\\Project Percept\\src\\math\\vector.ts": {"path":"D:\\Softwares\\Prosoft\\Projects\\Web\\Project Percept\\src\\math\\vector.ts","statementMap":{"0":{"start":{"line":1,"column":0},"end":{"line":1,"column":40}},"1":{"start":{"line":2,"column":0},"end":{"line":2,"column":47}},"2":{"start":{"line":3,"column":0},"end":{"line":3,"column":40}},"3":{"start":{"line":8,"column":0},"end":{"line":8,"column":13}},"4":{"start":{"line":12,"column":21},"end":{"line":12,"column":30}},"5":{"start":{"line":12,"column":39},"end":{"line":12,"column":48}},"6":{"start":{"line":14,"column":2},"end":{"line":16,"column":null}},"7":{"start":{"line":15,"column":4},"end":{"line":15,"column":68}},"8":{"start":{"line":21,"column":2},"end":{"line":30,"column":null}},"9":{"start":{"line":23,"column":4},"end":{"line":29,"column":null}},"10":{"start":{"line":24,"column":6},"end":{"line":24,"column":58}},"11":{"start":{"line":25,"column":11},"end":{"line":29,"column":null}},"12":{"start":{"line":26,"column":6},"end":{"line":26,"column":54}},"13":{"start":{"line":28,"column":6},"end":{"line":28,"column":54}},"14":{"start":{"line":35,"column":2},"end":{"line":48,"column":null}},"15":{"start":{"line":37,"column":4},"end":{"line":46,"column":null}},"16":{"start":{"line":38,"column":6},"end":{"line":38,"column":23}},"17":{"start":{"line":39,"column":6},"end":{"line":39,"column":23}},"18":{"start":{"line":40,"column":11},"end":{"line":46,"column":null}},"19":{"start":{"line":41,"column":6},"end":{"line":41,"column":21}},"20":{"start":{"line":42,"column":6},"end":{"line":42,"column":21}},"21":{"start":{"line":44,"column":6},"end":{"line":44,"column":21}},"22":{"start":{"line":45,"column":6},"end":{"line":45,"column":21}},"23":{"start":{"line":47,"column":4},"end":{"line":47,"column":16}},"24":{"start":{"line":53,"column":2},"end":{"line":62,"column":null}},"25":{"start":{"line":55,"column":4},"end":{"line":61,"column":null}},"26":{"start":{"line":56,"column":6},"end":{"line":56,"column":58}},"27":{"start":{"line":57,"column":11},"end":{"line":61,"column":null}},"28":{"start":{"line":58,"column":6},"end":{"line":58,"column":54}},"29":{"start":{"line":60,"column":6},"end":{"line":60,"column":54}},"30":{"start":{"line":67,"column":2},"end":{"line":80,"column":null}},"31":{"start":{"line":69,"column":4},"end":{"line":78,"column":null}},"32":{"start":{"line":70,"column":6},"end":{"line":70,"column":23}},"33":{"start":{"line":71,"column":6},"end":{"line":71,"column":23}},"34":{"start":{"line":72,"column":11},"end":{"line":78,"column":null}},"35":{"start":{"line":73,"column":6},"end":{"line":73,"column":21}},"36":{"start":{"line":74,"column":6},"end":{"line":74,"column":21}},"37":{"start":{"line":76,"column":6},"end":{"line":76,"column":21}},"38":{"start":{"line":77,"column":6},"end":{"line":77,"column":21}},"39":{"start":{"line":79,"column":4},"end":{"line":79,"column":16}},"40":{"start":{"line":85,"column":2},"end":{"line":94,"column":null}},"41":{"start":{"line":87,"column":4},"end":{"line":93,"column":null}},"42":{"start":{"line":88,"column":6},"end":{"line":88,"column":58}},"43":{"start":{"line":89,"column":11},"end":{"line":93,"column":null}},"44":{"start":{"line":90,"column":6},"end":{"line":90,"column":54}},"45":{"start":{"line":92,"column":6},"end":{"line":92,"column":54}},"46":{"start":{"line":99,"column":2},"end":{"line":113,"column":null}},"47":{"start":{"line":101,"column":4},"end":{"line":110,"column":null}},"48":{"start":{"line":102,"column":6},"end":{"line":102,"column":23}},"49":{"start":{"line":103,"column":6},"end":{"line":103,"column":23}},"50":{"start":{"line":104,"column":11},"end":{"line":110,"column":null}},"51":{"start":{"line":105,"column":6},"end":{"line":105,"column":21}},"52":{"start":{"line":106,"column":6},"end":{"line":106,"column":21}},"53":{"start":{"line":108,"column":6},"end":{"line":108,"column":21}},"54":{"start":{"line":109,"column":6},"end":{"line":109,"column":21}},"55":{"start":{"line":112,"column":4},"end":{"line":112,"column":16}},"56":{"start":{"line":115,"column":2},"end":{"line":123,"column":null}},"57":{"start":{"line":116,"column":4},"end":{"line":116,"column":37}},"58":{"start":{"line":117,"column":15},"end":{"line":117,"column":32}},"59":{"start":{"line":118,"column":15},"end":{"line":118,"column":32}},"60":{"start":{"line":119,"column":4},"end":{"line":122,"column":6}},"61":{"start":{"line":125,"column":2},"end":{"line":134,"column":null}},"62":{"start":{"line":126,"column":4},"end":{"line":126,"column":37}},"63":{"start":{"line":127,"column":15},"end":{"line":127,"column":32}},"64":{"start":{"line":128,"column":15},"end":{"line":128,"column":32}},"65":{"start":{"line":129,"column":4},"end":{"line":129,"column":80}},"66":{"start":{"line":130,"column":4},"end":{"line":130,"column":80}},"67":{"start":{"line":131,"column":4},"end":{"line":131,"column":23}},"68":{"start":{"line":132,"column":4},"end":{"line":132,"column":23}},"69":{"start":{"line":133,"column":4},"end":{"line":133,"column":16}},"70":{"start":{"line":136,"column":2},"end":{"line":139,"column":null}},"71":{"start":{"line":137,"column":17},"end":{"line":137,"column":69}},"72":{"start":{"line":138,"column":4},"end":{"line":138,"column":50}},"73":{"start":{"line":141,"column":2},"end":{"line":146,"column":null}},"74":{"start":{"line":142,"column":17},"end":{"line":142,"column":69}},"75":{"start":{"line":143,"column":4},"end":{"line":143,"column":26}},"76":{"start":{"line":144,"column":4},"end":{"line":144,"column":26}},"77":{"start":{"line":145,"column":4},"end":{"line":145,"column":16}},"78":{"start":{"line":148,"column":2},"end":{"line":150,"column":null}},"79":{"start":{"line":149,"column":4},"end":{"line":149,"column":36}},"80":{"start":{"line":152,"column":9},"end":{"line":154,"column":null}},"81":{"start":{"line":153,"column":4},"end":{"line":153,"column":80}},"82":{"start":{"line":156,"column":9},"end":{"line":160,"column":null}},"83":{"start":{"line":157,"column":4},"end":{"line":159,"column":6}},"84":{"start":{"line":162,"column":9},"end":{"line":164,"column":null}},"85":{"start":{"line":163,"column":4},"end":{"line":163,"column":28}},"86":{"start":{"line":166,"column":9},"end":{"line":168,"column":null}},"87":{"start":{"line":167,"column":4},"end":{"line":167,"column":28}},"88":{"start":{"line":170,"column":9},"end":{"line":181,"column":null}},"89":{"start":{"line":171,"column":17},"end":{"line":171,"column":77}},"90":{"start":{"line":172,"column":17},"end":{"line":172,"column":77}},"91":{"start":{"line":174,"column":4},"end":{"line":179,"column":7}},"92":{"start":{"line":175,"column":6},"end":{"line":175,"column":51}},"93":{"start":{"line":175,"column":31},"end":{"line":175,"column":51}},"94":{"start":{"line":176,"column":6},"end":{"line":176,"column":51}},"95":{"start":{"line":176,"column":31},"end":{"line":176,"column":51}},"96":{"start":{"line":177,"column":6},"end":{"line":177,"column":51}},"97":{"start":{"line":177,"column":31},"end":{"line":177,"column":51}},"98":{"start":{"line":178,"column":6},"end":{"line":178,"column":51}},"99":{"start":{"line":178,"column":31},"end":{"line":178,"column":51}},"100":{"start":{"line":180,"column":4},"end":{"line":180,"column":28}},"101":{"start":{"line":183,"column":9},"end":{"line":191,"column":null}},"102":{"start":{"line":184,"column":15},"end":{"line":184,"column":16}},"103":{"start":{"line":185,"column":15},"end":{"line":185,"column":16}},"104":{"start":{"line":186,"column":4},"end":{"line":189,"column":7}},"105":{"start":{"line":187,"column":6},"end":{"line":187,"column":23}},"106":{"start":{"line":188,"column":6},"end":{"line":188,"column":23}},"107":{"start":{"line":190,"column":4},"end":{"line":190,"column":68}},"108":{"start":{"line":195,"column":9},"end":{"line":212,"column":null}},"109":{"start":{"line":201,"column":4},"end":{"line":211,"column":null}},"110":{"start":{"line":202,"column":6},"end":{"line":205,"column":8}},"111":{"start":{"line":207,"column":6},"end":{"line":210,"column":8}},"112":{"start":{"line":214,"column":9},"end":{"line":219,"column":null}},"113":{"start":{"line":215,"column":4},"end":{"line":218,"column":6}},"114":{"start":{"line":221,"column":2},"end":{"line":223,"column":null}},"115":{"start":{"line":222,"column":4},"end":{"line":222,"column":38}},"116":{"start":{"line":224,"column":0},"end":{"line":224,"column":null}},"117":{"start":{"line":8,"column":13},"end":{"line":8,"column":19}}},"fnMap":{"0":{"name":"(anonymous_0)","decl":{"start":{"line":8,"column":0},"end":{"line":8,"column":13}},"loc":{"start":{"line":8,"column":0},"end":{"line":224,"column":null}}},"1":{"name":"Vector","decl":{"start":{"line":12,"column":2},"end":{"line":12,"column":21}},"loc":{"start":{"line":12,"column":48},"end":{"line":12,"column":52}}},"2":{"name":"(anonymous_2)","decl":{"start":{"line":14,"column":2},"end":{"line":14,"column":10}},"loc":{"start":{"line":14,"column":2},"end":{"line":16,"column":3}}},"3":{"name":"(anonymous_3)","decl":{"start":{"line":21,"column":2},"end":{"line":21,"column":5}},"loc":{"start":{"line":21,"column":42},"end":{"line":30,"column":3}}},"4":{"name":"(anonymous_4)","decl":{"start":{"line":35,"column":2},"end":{"line":35,"column":12}},"loc":{"start":{"line":35,"column":49},"end":{"line":48,"column":3}}},"5":{"name":"(anonymous_5)","decl":{"start":{"line":53,"column":2},"end":{"line":53,"column":10}},"loc":{"start":{"line":53,"column":47},"end":{"line":62,"column":3}}},"6":{"name":"(anonymous_6)","decl":{"start":{"line":67,"column":2},"end":{"line":67,"column":17}},"loc":{"start":{"line":67,"column":54},"end":{"line":80,"column":3}}},"7":{"name":"(anonymous_7)","decl":{"start":{"line":85,"column":2},"end":{"line":85,"column":10}},"loc":{"start":{"line":85,"column":47},"end":{"line":94,"column":3}}},"8":{"name":"(anonymous_8)","decl":{"start":{"line":99,"column":2},"end":{"line":99,"column":17}},"loc":{"start":{"line":99,"column":54},"end":{"line":113,"column":3}}},"9":{"name":"(anonymous_9)","decl":{"start":{"line":115,"column":2},"end":{"line":115,"column":8}},"loc":{"start":{"line":115,"column":39},"end":{"line":123,"column":3}}},"10":{"name":"(anonymous_10)","decl":{"start":{"line":125,"column":2},"end":{"line":125,"column":15}},"loc":{"start":{"line":125,"column":46},"end":{"line":134,"column":3}}},"11":{"name":"(anonymous_11)","decl":{"start":{"line":136,"column":2},"end":{"line":136,"column":11}},"loc":{"start":{"line":136,"column":26},"end":{"line":139,"column":3}}},"12":{"name":"(anonymous_12)","decl":{"start":{"line":141,"column":2},"end":{"line":141,"column":18}},"loc":{"start":{"line":141,"column":33},"end":{"line":146,"column":3}}},"13":{"name":"(anonymous_13)","decl":{"start":{"line":148,"column":2},"end":{"line":148,"column":5}},"loc":{"start":{"line":148,"column":2},"end":{"line":150,"column":3}}},"14":{"name":"(anonymous_14)","decl":{"start":{"line":152,"column":2},"end":{"line":152,"column":9}},"loc":{"start":{"line":152,"column":50},"end":{"line":154,"column":3}}},"15":{"name":"(anonymous_15)","decl":{"start":{"line":156,"column":2},"end":{"line":156,"column":9}},"loc":{"start":{"line":156,"column":50},"end":{"line":160,"column":3}}},"16":{"name":"(anonymous_16)","decl":{"start":{"line":162,"column":2},"end":{"line":162,"column":9}},"loc":{"start":{"line":162,"column":2},"end":{"line":164,"column":3}}},"17":{"name":"(anonymous_17)","decl":{"start":{"line":166,"column":2},"end":{"line":166,"column":9}},"loc":{"start":{"line":166,"column":2},"end":{"line":168,"column":3}}},"18":{"name":"(anonymous_18)","decl":{"start":{"line":170,"column":2},"end":{"line":170,"column":9}},"loc":{"start":{"line":170,"column":33},"end":{"line":181,"column":3}}},"19":{"name":"(anonymous_19)","decl":{"start":{"line":174,"column":20},"end":{"line":174,"column":21}},"loc":{"start":{"line":174,"column":27},"end":{"line":179,"column":5}}},"20":{"name":"(anonymous_20)","decl":{"start":{"line":183,"column":2},"end":{"line":183,"column":9}},"loc":{"start":{"line":183,"column":34},"end":{"line":191,"column":3}}},"21":{"name":"(anonymous_21)","decl":{"start":{"line":186,"column":20},"end":{"line":186,"column":21}},"loc":{"start":{"line":186,"column":27},"end":{"line":189,"column":5}}},"22":{"name":"(anonymous_22)","decl":{"start":{"line":195,"column":2},"end":{"line":195,"column":9}},"loc":{"start":{"line":199,"column":17},"end":{"line":212,"column":3}}},"23":{"name":"(anonymous_23)","decl":{"start":{"line":214,"column":2},"end":{"line":214,"column":9}},"loc":{"start":{"line":214,"column":56},"end":{"line":219,"column":3}}},"24":{"name":"(anonymous_24)","decl":{"start":{"line":221,"column":2},"end":{"line":221,"column":7}},"loc":{"start":{"line":221,"column":2},"end":{"line":223,"column":3}}}},"branchMap":{"0":{"loc":{"start":{"line":23,"column":4},"end":{"line":29,"column":null}},"type":"if","locations":[{"start":{"line":23,"column":4},"end":{"line":29,"column":null}},{"start":{"line":25,"column":11},"end":{"line":29,"column":null}}]},"1":{"loc":{"start":{"line":25,"column":11},"end":{"line":29,"column":null}},"type":"if","locations":[{"start":{"line":25,"column":11},"end":{"line":29,"column":null}},{"start":{"line":27,"column":11},"end":{"line":29,"column":null}}]},"2":{"loc":{"start":{"line":37,"column":4},"end":{"line":46,"column":null}},"type":"if","locations":[{"start":{"line":37,"column":4},"end":{"line":46,"column":null}},{"start":{"line":40,"column":11},"end":{"line":46,"column":null}}]},"3":{"loc":{"start":{"line":40,"column":11},"end":{"line":46,"column":null}},"type":"if","locations":[{"start":{"line":40,"column":11},"end":{"line":46,"column":null}},{"start":{"line":43,"column":11},"end":{"line":46,"column":null}}]},"4":{"loc":{"start":{"line":55,"column":4},"end":{"line":61,"column":null}},"type":"if","locations":[{"start":{"line":55,"column":4},"end":{"line":61,"column":null}},{"start":{"line":57,"column":11},"end":{"line":61,"column":null}}]},"5":{"loc":{"start":{"line":57,"column":11},"end":{"line":61,"column":null}},"type":"if","locations":[{"start":{"line":57,"column":11},"end":{"line":61,"column":null}},{"start":{"line":59,"column":11},"end":{"line":61,"column":null}}]},"6":{"loc":{"start":{"line":69,"column":4},"end":{"line":78,"column":null}},"type":"if","locations":[{"start":{"line":69,"column":4},"end":{"line":78,"column":null}},{"start":{"line":72,"column":11},"end":{"line":78,"column":null}}]},"7":{"loc":{"start":{"line":72,"column":11},"end":{"line":78,"column":null}},"type":"if","locations":[{"start":{"line":72,"column":11},"end":{"line":78,"column":null}},{"start":{"line":75,"column":11},"end":{"line":78,"column":null}}]},"8":{"loc":{"start":{"line":87,"column":4},"end":{"line":93,"column":null}},"type":"if","locations":[{"start":{"line":87,"column":4},"end":{"line":93,"column":null}},{"start":{"line":89,"column":11},"end":{"line":93,"column":null}}]},"9":{"loc":{"start":{"line":89,"column":11},"end":{"line":93,"column":null}},"type":"if","locations":[{"start":{"line":89,"column":11},"end":{"line":93,"column":null}},{"start":{"line":91,"column":11},"end":{"line":93,"column":null}}]},"10":{"loc":{"start":{"line":101,"column":4},"end":{"line":110,"column":null}},"type":"if","locations":[{"start":{"line":101,"column":4},"end":{"line":110,"column":null}},{"start":{"line":104,"column":11},"end":{"line":110,"column":null}}]},"11":{"loc":{"start":{"line":104,"column":11},"end":{"line":110,"column":null}},"type":"if","locations":[{"start":{"line":104,"column":11},"end":{"line":110,"column":null}},{"start":{"line":107,"column":11},"end":{"line":110,"column":null}}]},"12":{"loc":{"start":{"line":175,"column":6},"end":{"line":175,"column":51}},"type":"if","locations":[{"start":{"line":175,"column":6},"end":{"line":175,"column":51}}]},"13":{"loc":{"start":{"line":176,"column":6},"end":{"line":176,"column":51}},"type":"if","locations":[{"start":{"line":176,"column":6},"end":{"line":176,"column":51}}]},"14":{"loc":{"start":{"line":177,"column":6},"end":{"line":177,"column":51}},"type":"if","locations":[{"start":{"line":177,"column":6},"end":{"line":177,"column":51}}]},"15":{"loc":{"start":{"line":178,"column":6},"end":{"line":178,"column":51}},"type":"if","locations":[{"start":{"line":178,"column":6},"end":{"line":178,"column":51}}]},"16":{"loc":{"start":{"line":201,"column":4},"end":{"line":211,"column":null}},"type":"if","locations":[{"start":{"line":201,"column":4},"end":{"line":211,"column":null}},{"start":{"line":206,"column":11},"end":{"line":211,"column":null}}]}},"s":{"0":6,"1":6,"2":6,"3":6,"4":412,"5":412,"6":6,"7":41,"8":6,"9":3,"10":1,"11":2,"12":1,"13":1,"14":6,"15":3,"16":1,"17":1,"18":2,"19":1,"20":1,"21":1,"22":1,"23":3,"24":6,"25":3,"26":1,"27":2,"28":1,"29":1,"30":6,"31":3,"32":1,"33":1,"34":2,"35":1,"36":1,"37":1,"38":1,"39":3,"40":6,"41":35,"42":33,"43":2,"44":1,"45":1,"46":6,"47":3,"48":1,"49":1,"50":2,"51":1,"52":1,"53":1,"54":1,"55":3,"56":6,"57":1,"58":1,"59":1,"60":1,"61":6,"62":1,"63":1,"64":1,"65":1,"66":1,"67":1,"68":1,"69":1,"70":6,"71":8,"72":8,"73":6,"74":1,"75":1,"76":1,"77":1,"78":6,"79":1,"80":6,"81":1,"82":6,"83":1,"84":6,"85":138,"86":6,"87":117,"88":6,"89":1,"90":1,"91":1,"92":5,"93":2,"94":5,"95":3,"96":5,"97":2,"98":5,"99":2,"100":1,"101":6,"102":1,"103":1,"104":1,"105":5,"106":5,"107":1,"108":6,"109":2,"110":1,"111":1,"112":6,"113":11,"114":6,"115":4,"116":6,"117":6},"f":{"0":6,"1":412,"2":41,"3":3,"4":3,"5":3,"6":3,"7":35,"8":3,"9":1,"10":1,"11":8,"12":1,"13":1,"14":1,"15":1,"16":138,"17":117,"18":1,"19":5,"20":1,"21":5,"22":2,"23":11,"24":4},"b":{"0":[1,2],"1":[1,1],"2":[1,2],"3":[1,1],"4":[1,2],"5":[1,1],"6":[1,2],"7":[1,1],"8":[33,2],"9":[1,1],"10":[1,2],"11":[1,1],"12":[2],"13":[3],"14":[2],"15":[2],"16":[1,1]}}
,"D:\\Softwares\\Prosoft\\Projects\\Web\\Project Percept\\src\\view\\empty.ts": {"path":"D:\\Softwares\\Prosoft\\Projects\\Web\\Project Percept\\src\\view\\empty.ts","statementMap":{"0":{"start":{"line":1,"column":0},"end":{"line":1,"column":40}},"1":{"start":{"line":2,"column":0},"end":{"line":2,"column":36}},"2":{"start":{"line":4,"column":0},"end":{"line":4,"column":null}},"3":{"start":{"line":4,"column":27},"end":{"line":4,"column":31}},"4":{"start":{"line":6,"column":4},"end":{"line":6,"column":null}},"5":{"start":{"line":9,"column":2},"end":{"line":11,"column":null}},"6":{"start":{"line":12,"column":2},"end":{"line":14,"column":null}},"7":{"start":{"line":16,"column":2},"end":{"line":18,"column":null}},"8":{"start":{"line":17,"column":4},"end":{"line":17,"column":25}},"9":{"start":{"line":19,"column":0},"end":{"line":19,"column":null}},"10":{"start":{"line":4,"column":13},"end":{"line":4,"column":18}}},"fnMap":{"0":{"name":"(anonymous_6)","decl":{"start":{"line":4,"column":0},"end":{"line":4,"column":13}},"loc":{"start":{"line":4,"column":0},"end":{"line":19,"column":null}}},"1":{"name":"Empty","decl":{"start":{"line":5,"column":2},"end":{"line":5,"column":14}},"loc":{"start":{"line":5,"column":42},"end":{"line":7,"column":3}}},"2":{"name":"(anonymous_8)","decl":{"start":{"line":9,"column":2},"end":{"line":9,"column":9}},"loc":{"start":{"line":9,"column":2},"end":{"line":11,"column":3}}},"3":{"name":"(anonymous_9)","decl":{"start":{"line":12,"column":2},"end":{"line":12,"column":12}},"loc":{"start":{"line":12,"column":2},"end":{"line":14,"column":3}}},"4":{"name":"(anonymous_10)","decl":{"start":{"line":16,"column":2},"end":{"line":16,"column":14}},"loc":{"start":{"line":16,"column":2},"end":{"line":18,"column":3}}}},"branchMap":{"0":{"loc":{"start":{"line":6,"column":4},"end":{"line":6,"column":null}},"type":"binary-expr","locations":[{"start":{"line":6,"column":4},"end":{"line":6,"column":27}},{"start":{"line":6,"column":27},"end":{"line":6,"column":null}}]}},"s":{"0":6,"1":6,"2":6,"3":6,"4":96,"5":6,"6":6,"7":6,"8":1,"9":6,"10":6},"f":{"0":6,"1":96,"2":2,"3":3,"4":1},"b":{"0":[96,96]}}
}
