TN:
SF:src\common\constants.ts
FN:1,(anonymous_0)
FNF:1
FNH:1
FNDA:14,(anonymous_0)
DA:1,14
DA:2,14
LF:2
LH:2
BRDA:1,0,0,14
BRDA:1,0,1,14
BRF:2
BRH:2
end_of_record
TN:
SF:src\common\enums.ts
FN:1,(anonymous_0)
FNF:1
FNH:1
FNDA:8,(anonymous_0)
DA:1,8
DA:2,8
LF:2
LH:2
BRDA:1,0,0,8
BRDA:1,0,1,8
BRF:2
BRH:2
end_of_record
TN:
SF:src\common\index.ts
FNF:0
FNH:0
DA:1,8
DA:2,8
LF:2
LH:2
BRF:0
BRH:0
end_of_record
TN:
SF:src\core\canvas.ts
FN:6,(anonymous_0)
FN:23,Canvas
FN:72,(anonymous_2)
FN:80,(anonymous_3)
FNF:4
FNH:4
FNDA:15,(anonymous_0)
FNDA:43,Canvas
FNDA:2,(anonymous_2)
FNDA:3,(anonymous_3)
DA:6,15
DA:14,43
DA:28,43
DA:29,3
DA:30,3
DA:31,3
DA:32,3
DA:34,40
DA:35,2
DA:36,2
DA:37,1
DA:38,1
DA:40,1
DA:41,1
DA:43,2
DA:45,38
DA:46,38
DA:47,1
DA:48,1
DA:52,43
DA:53,43
DA:54,43
DA:56,43
DA:57,1
DA:58,1
DA:60,42
DA:61,42
DA:62,42
DA:63,42
DA:72,15
DA:73,2
DA:74,2
DA:80,15
DA:81,3
DA:92,15
LF:35
LH:35
BRDA:28,0,0,3
BRDA:28,0,1,40
BRDA:34,1,0,2
BRDA:34,1,1,38
BRDA:36,2,0,1
BRDA:36,2,1,1
BRDA:36,3,0,2
BRDA:36,3,1,1
BRDA:46,4,0,1
BRDA:46,5,0,38
BRDA:46,5,1,1
BRDA:56,6,0,1
BRDA:56,6,1,42
BRF:13
BRH:13
end_of_record
TN:
SF:src\core\color.ts
FN:1,(anonymous_0)
FN:2,(anonymous_2)
FN:6,(anonymous_3)
FNF:3
FNH:3
FNDA:13,(anonymous_0)
FNDA:6,(anonymous_2)
FNDA:1,(anonymous_3)
DA:1,13
DA:2,13
DA:3,6
DA:6,13
DA:7,1
DA:20,13
LF:6
LH:6
BRF:0
BRH:0
end_of_record
TN:
SF:src\core\debug.ts
FN:7,(anonymous_0)
FN:17,(anonymous_2)
FN:60,(anonymous_3)
FN:106,(anonymous_4)
FNF:4
FNH:4
FNDA:4,(anonymous_0)
FNDA:1,(anonymous_2)
FNDA:1,(anonymous_3)
FNDA:2,(anonymous_4)
DA:7,4
DA:17,4
DA:24,1
DA:26,1
DA:60,4
DA:68,1
DA:70,1
DA:106,4
DA:110,2
DA:111,5
DA:112,5
DA:113,5
DA:114,5
DA:136,4
LF:14
LH:14
BRF:0
BRH:0
end_of_record
TN:
SF:src\core\drawing.ts
FN:14,(anonymous_0)
FN:28,Drawing
FN:39,(anonymous_2)
FN:47,(anonymous_3)
FN:48,(anonymous_4)
FN:54,(anonymous_5)
FN:56,(anonymous_6)
FN:145,(anonymous_7)
FN:158,(anonymous_8)
FN:162,(anonymous_9)
FN:174,(anonymous_10)
FN:181,(anonymous_11)
FN:195,(anonymous_12)
FN:209,(anonymous_13)
FNF:14
FNH:9
FNDA:4,(anonymous_0)
FNDA:32,Drawing
FNDA:0,(anonymous_2)
FNDA:0,(anonymous_3)
FNDA:0,(anonymous_4)
FNDA:0,(anonymous_5)
FNDA:0,(anonymous_6)
FNDA:1,(anonymous_7)
FNDA:1,(anonymous_8)
FNDA:1,(anonymous_9)
FNDA:11,(anonymous_10)
FNDA:7,(anonymous_11)
FNDA:3,(anonymous_12)
FNDA:7,(anonymous_13)
DA:1,4
DA:2,4
DA:3,4
DA:14,4
DA:21,32
DA:28,32
DA:29,32
DA:30,32
DA:31,32
DA:32,32
DA:33,32
DA:35,32
DA:36,32
DA:39,4
DA:40,0
DA:41,0
DA:47,4
DA:48,0
DA:49,0
DA:50,0
DA:54,4
DA:55,0
DA:56,0
DA:145,4
DA:146,1
DA:147,1
DA:154,1
DA:156,1
DA:158,1
DA:159,1
DA:162,1
DA:163,1
DA:166,1
DA:174,11
DA:175,11
DA:176,8
DA:177,8
DA:178,8
DA:179,8
DA:181,3
DA:182,7
DA:183,7
DA:184,7
DA:185,7
DA:195,4
DA:196,3
DA:198,3
DA:200,3
DA:202,3
DA:203,10
DA:204,3
DA:209,7
DA:210,7
DA:224,4
LF:54
LH:47
BRDA:49,0,0,0
BRDA:156,1,0,1
BRDA:156,1,1,1
BRDA:175,2,0,8
BRDA:175,2,1,3
BRDA:196,3,0,1
BRDA:203,4,0,3
BRDA:203,4,1,7
BRF:8
BRH:7
end_of_record
TN:
SF:src\core\index.ts
FNF:0
FNH:0
DA:1,4
DA:2,4
DA:3,4
DA:4,4
DA:5,4
DA:6,4
LF:6
LH:6
BRF:0
BRH:0
end_of_record
TN:
SF:src\core\node.ts
FN:6,(anonymous_1)
FN:76,Node
FN:19,(anonymous_3)
FN:22,(anonymous_4)
FN:26,(anonymous_5)
FN:32,(anonymous_6)
FN:35,(anonymous_7)
FN:39,(anonymous_8)
FN:40,(anonymous_9)
FN:45,(anonymous_10)
FN:48,(anonymous_11)
FN:51,(anonymous_12)
FN:55,(anonymous_13)
FN:58,(anonymous_14)
FN:62,(anonymous_15)
FN:65,(anonymous_16)
FN:69,(anonymous_17)
FN:72,(anonymous_18)
FN:89,(anonymous_19)
FN:99,(anonymous_20)
FN:104,(anonymous_21)
FN:108,(anonymous_22)
FN:119,(anonymous_23)
FN:125,(anonymous_24)
FN:139,(anonymous_25)
FN:145,(anonymous_26)
FN:150,(anonymous_27)
FN:152,(anonymous_28)
FN:157,(anonymous_29)
FNF:29
FNH:29
FNDA:12,(anonymous_1)
FNDA:122,Node
FNDA:1,(anonymous_3)
FNDA:1,(anonymous_4)
FNDA:1,(anonymous_5)
FNDA:3,(anonymous_6)
FNDA:25,(anonymous_7)
FNDA:11,(anonymous_8)
FNDA:18,(anonymous_9)
FNDA:7,(anonymous_10)
FNDA:1,(anonymous_11)
FNDA:4,(anonymous_12)
FNDA:1,(anonymous_13)
FNDA:1,(anonymous_14)
FNDA:1,(anonymous_15)
FNDA:1,(anonymous_16)
FNDA:2,(anonymous_17)
FNDA:1,(anonymous_18)
FNDA:6,(anonymous_19)
FNDA:1,(anonymous_20)
FNDA:3,(anonymous_21)
FNDA:2,(anonymous_22)
FNDA:3,(anonymous_23)
FNDA:4,(anonymous_24)
FNDA:6,(anonymous_25)
FNDA:1,(anonymous_26)
FNDA:6,(anonymous_27)
FNDA:1,(anonymous_28)
FNDA:1,(anonymous_29)
DA:1,12
DA:4,12
DA:6,12
DA:19,12
DA:20,1
DA:23,1
DA:25,1
DA:26,1
DA:27,1
DA:32,12
DA:33,3
DA:36,25
DA:39,12
DA:40,11
DA:41,18
DA:45,12
DA:46,7
DA:49,1
DA:51,12
DA:52,4
DA:55,12
DA:56,1
DA:59,1
DA:62,12
DA:63,1
DA:66,1
DA:69,12
DA:70,2
DA:73,1
DA:76,122
DA:77,122
DA:85,122
DA:86,122
DA:89,12
DA:91,6
DA:92,6
DA:93,1
DA:96,6
DA:97,6
DA:99,6
DA:100,1
DA:104,12
DA:105,3
DA:108,12
DA:109,2
DA:110,2
DA:111,2
DA:112,2
DA:114,2
DA:115,1
DA:119,12
DA:120,3
DA:121,3
DA:122,3
DA:125,12
DA:126,4
DA:127,2
DA:128,1
DA:130,1
DA:134,4
DA:135,3
DA:139,12
DA:143,6
DA:144,6
DA:145,6
DA:146,1
DA:150,12
DA:151,6
DA:152,6
DA:153,1
DA:157,12
DA:158,1
DA:160,12
LF:73
LH:73
BRDA:25,0,0,1
BRDA:126,1,0,2
BRDA:127,2,0,1
BRDA:127,2,1,1
BRF:4
BRH:4
end_of_record
TN:
SF:src\math\dimension.ts
FN:1,(anonymous_0)
FN:2,Dimension
FN:4,(anonymous_2)
FNF:3
FNH:3
FNDA:15,(anonymous_0)
FNDA:1,Dimension
FNDA:1,(anonymous_2)
DA:1,15
DA:2,1
DA:4,15
DA:5,1
DA:7,15
LF:5
LH:5
BRF:0
BRH:0
end_of_record
TN:
SF:src\math\index.ts
FNF:0
FNH:0
DA:1,14
DA:2,14
DA:3,14
DA:4,14
LF:4
LH:4
BRF:0
BRH:0
end_of_record
TN:
SF:src\math\matrix.ts
FN:4,(anonymous_1)
FN:7,Matrix
FN:47,(anonymous_3)
FN:51,(anonymous_4)
FN:56,(anonymous_5)
FN:67,(anonymous_6)
FN:71,(anonymous_7)
FN:79,(anonymous_8)
FN:87,(anonymous_9)
FN:88,(anonymous_10)
FNF:10
FNH:10
FNDA:15,(anonymous_1)
FNDA:322,Matrix
FNDA:10,(anonymous_3)
FNDA:2,(anonymous_4)
FNDA:2,(anonymous_5)
FNDA:1,(anonymous_6)
FNDA:293,(anonymous_7)
FNDA:1,(anonymous_8)
FNDA:20,(anonymous_9)
FNDA:22,(anonymous_10)
DA:4,15
DA:8,322
DA:47,15
DA:48,10
DA:51,15
DA:52,2
DA:53,2
DA:56,15
DA:57,2
DA:67,15
DA:68,1
DA:71,15
DA:72,293
DA:79,15
DA:80,1
DA:87,15
DA:88,22
DA:90,20
DA:91,22
DA:92,66
DA:93,66
DA:94,198
DA:96,66
DA:100,20
DA:102,15
LF:25
LH:25
BRF:0
BRH:0
end_of_record
TN:
SF:src\math\transform.ts
FN:6,(anonymous_1)
FN:72,Transform
FN:20,(anonymous_3)
FN:23,(anonymous_4)
FN:34,(anonymous_5)
FN:40,(anonymous_6)
FN:43,(anonymous_7)
FN:47,(anonymous_8)
FN:51,(anonymous_9)
FN:54,(anonymous_10)
FN:58,(anonymous_11)
FN:61,(anonymous_12)
FN:65,(anonymous_13)
FN:68,(anonymous_14)
FN:173,(anonymous_15)
FNF:15
FNH:15
FNDA:14,(anonymous_1)
FNDA:143,Transform
FNDA:14,(anonymous_3)
FNDA:29,(anonymous_4)
FNDA:12,(anonymous_5)
FNDA:91,(anonymous_6)
FNDA:3,(anonymous_7)
FNDA:7,(anonymous_8)
FNDA:5,(anonymous_9)
FNDA:4,(anonymous_10)
FNDA:7,(anonymous_11)
FNDA:4,(anonymous_12)
FNDA:9,(anonymous_13)
FNDA:3,(anonymous_14)
FNDA:2,(anonymous_15)
DA:1,14
DA:2,14
DA:6,14
DA:20,14
DA:21,14
DA:24,29
DA:25,1
DA:26,1
DA:27,1
DA:30,29
DA:31,29
DA:33,29
DA:34,29
DA:35,12
DA:40,14
DA:41,91
DA:44,3
DA:47,14
DA:48,7
DA:51,14
DA:52,5
DA:55,4
DA:58,14
DA:59,7
DA:62,4
DA:65,14
DA:66,9
DA:69,3
DA:78,143
DA:80,143
DA:81,143
DA:82,143
DA:83,143
DA:84,143
DA:85,143
DA:86,143
DA:87,143
DA:88,143
DA:89,143
DA:173,14
DA:174,2
DA:176,14
LF:42
LH:42
BRDA:24,0,0,1
BRDA:26,1,0,1
BRDA:30,2,0,29
BRDA:30,2,1,29
BRDA:33,3,0,29
BRF:5
BRH:5
end_of_record
TN:
SF:src\math\vector.ts
FN:8,(anonymous_0)
FN:12,Vector
FN:14,(anonymous_2)
FN:21,(anonymous_3)
FN:35,(anonymous_4)
FN:53,(anonymous_5)
FN:67,(anonymous_6)
FN:85,(anonymous_7)
FN:99,(anonymous_8)
FN:115,(anonymous_9)
FN:125,(anonymous_10)
FN:136,(anonymous_11)
FN:141,(anonymous_12)
FN:148,(anonymous_13)
FN:152,(anonymous_14)
FN:156,(anonymous_15)
FN:162,(anonymous_16)
FN:166,(anonymous_17)
FN:170,(anonymous_18)
FN:174,(anonymous_19)
FN:183,(anonymous_20)
FN:186,(anonymous_21)
FN:195,(anonymous_22)
FN:214,(anonymous_23)
FN:221,(anonymous_24)
FNF:25
FNH:25
FNDA:14,(anonymous_0)
FNDA:557,Vector
FNDA:56,(anonymous_2)
FNDA:18,(anonymous_3)
FNDA:3,(anonymous_4)
FNDA:3,(anonymous_5)
FNDA:3,(anonymous_6)
FNDA:82,(anonymous_7)
FNDA:3,(anonymous_8)
FNDA:1,(anonymous_9)
FNDA:1,(anonymous_10)
FNDA:18,(anonymous_11)
FNDA:1,(anonymous_12)
FNDA:3,(anonymous_13)
FNDA:1,(anonymous_14)
FNDA:6,(anonymous_15)
FNDA:134,(anonymous_16)
FNDA:143,(anonymous_17)
FNDA:2,(anonymous_18)
FNDA:10,(anonymous_19)
FNDA:3,(anonymous_20)
FNDA:15,(anonymous_21)
FNDA:2,(anonymous_22)
FNDA:11,(anonymous_23)
FNDA:8,(anonymous_24)
DA:1,14
DA:2,14
DA:3,14
DA:8,14
DA:12,557
DA:14,14
DA:15,56
DA:21,14
DA:23,18
DA:24,3
DA:25,15
DA:26,1
DA:28,14
DA:35,14
DA:37,3
DA:38,1
DA:39,1
DA:40,2
DA:41,1
DA:42,1
DA:44,1
DA:45,1
DA:47,3
DA:53,14
DA:55,3
DA:56,1
DA:57,2
DA:58,1
DA:60,1
DA:67,14
DA:69,3
DA:70,1
DA:71,1
DA:72,2
DA:73,1
DA:74,1
DA:76,1
DA:77,1
DA:79,3
DA:85,14
DA:87,82
DA:88,76
DA:89,6
DA:90,1
DA:92,5
DA:99,14
DA:101,3
DA:102,1
DA:103,1
DA:104,2
DA:105,1
DA:106,1
DA:108,1
DA:109,1
DA:112,3
DA:115,14
DA:116,1
DA:117,1
DA:118,1
DA:119,1
DA:125,14
DA:126,1
DA:127,1
DA:128,1
DA:129,1
DA:130,1
DA:131,1
DA:132,1
DA:133,1
DA:136,14
DA:137,18
DA:138,18
DA:141,14
DA:142,1
DA:143,1
DA:144,1
DA:145,1
DA:148,14
DA:149,3
DA:152,14
DA:153,1
DA:156,14
DA:157,6
DA:162,14
DA:163,134
DA:166,14
DA:167,143
DA:170,14
DA:171,2
DA:172,2
DA:174,2
DA:175,10
DA:176,10
DA:177,10
DA:178,10
DA:180,2
DA:183,14
DA:184,3
DA:185,3
DA:186,3
DA:187,15
DA:188,15
DA:190,3
DA:195,14
DA:201,2
DA:202,1
DA:207,1
DA:214,14
DA:215,11
DA:221,14
DA:222,8
DA:224,14
LF:112
LH:112
BRDA:23,0,0,3
BRDA:23,0,1,15
BRDA:25,1,0,1
BRDA:25,1,1,14
BRDA:37,2,0,1
BRDA:37,2,1,2
BRDA:40,3,0,1
BRDA:40,3,1,1
BRDA:55,4,0,1
BRDA:55,4,1,2
BRDA:57,5,0,1
BRDA:57,5,1,1
BRDA:69,6,0,1
BRDA:69,6,1,2
BRDA:72,7,0,1
BRDA:72,7,1,1
BRDA:87,8,0,76
BRDA:87,8,1,6
BRDA:89,9,0,1
BRDA:89,9,1,5
BRDA:101,10,0,1
BRDA:101,10,1,2
BRDA:104,11,0,1
BRDA:104,11,1,1
BRDA:175,12,0,5
BRDA:176,13,0,4
BRDA:177,14,0,4
BRDA:178,15,0,5
BRDA:201,16,0,1
BRDA:201,16,1,1
BRF:30
BRH:30
end_of_record
TN:
SF:src\view\ellipse.ts
FN:18,(anonymous_6)
FN:19,Ellipse
FN:138,(anonymous_8)
FNF:3
FNH:3
FNDA:6,(anonymous_6)
FNDA:2,Ellipse
FNDA:1,(anonymous_8)
DA:1,6
DA:3,6
DA:18,6
DA:22,2
DA:23,2
DA:24,3
DA:26,2
DA:33,2
DA:37,1
DA:39,2
DA:40,1
DA:138,6
DA:139,1
DA:150,6
LF:14
LH:14
BRDA:24,0,0,1
BRDA:26,1,0,2
BRDA:26,1,1,2
BRDA:33,2,0,1
BRDA:34,3,0,2
BRDA:34,3,1,1
BRDA:39,4,0,1
BRDA:39,5,0,2
BRDA:39,5,1,1
BRF:9
BRH:9
end_of_record
TN:
SF:src\view\empty.ts
FN:4,(anonymous_6)
FN:5,Empty
FN:9,(anonymous_8)
FN:12,(anonymous_9)
FN:16,(anonymous_10)
FNF:5
FNH:5
FNDA:12,(anonymous_6)
FNDA:100,Empty
FNDA:2,(anonymous_8)
FNDA:3,(anonymous_9)
FNDA:1,(anonymous_10)
DA:1,12
DA:2,12
DA:4,12
DA:6,100
DA:9,12
DA:12,12
DA:16,12
DA:17,1
DA:19,12
LF:9
LH:9
BRDA:6,0,0,100
BRDA:6,0,1,100
BRF:2
BRH:2
end_of_record
TN:
SF:src\view\image.ts
FN:11,(anonymous_6)
FN:14,Image
FN:100,(anonymous_8)
FNF:3
FNH:3
FNDA:6,(anonymous_6)
FNDA:3,Image
FNDA:1,(anonymous_8)
DA:1,6
DA:2,6
DA:11,6
DA:18,3
DA:19,3
DA:20,6
DA:22,3
DA:24,3
DA:25,2
DA:26,2
DA:28,1
DA:30,3
DA:100,6
DA:101,1
DA:103,6
LF:15
LH:15
BRDA:20,0,0,3
BRDA:22,1,0,3
BRDA:22,1,1,3
BRDA:24,2,0,2
BRDA:24,2,1,1
BRF:5
BRH:5
end_of_record
TN:
SF:src\view\index.ts
FNF:0
FNH:0
DA:1,6
DA:2,6
DA:3,6
DA:4,6
DA:5,6
DA:6,6
DA:7,6
DA:8,6
DA:9,6
LF:9
LH:9
BRF:0
BRH:0
end_of_record
TN:
SF:src\view\line.ts
FN:16,(anonymous_6)
FN:26,Line
FN:17,(anonymous_8)
FN:21,(anonymous_9)
FN:95,(anonymous_10)
FNF:5
FNH:5
FNDA:6,(anonymous_6)
FNDA:8,Line
FNDA:2,(anonymous_8)
FNDA:2,(anonymous_9)
FNDA:1,(anonymous_10)
DA:1,6
DA:3,6
DA:16,6
DA:17,6
DA:18,2
DA:19,1
DA:21,6
DA:22,2
DA:23,1
DA:28,8
DA:29,8
DA:31,15
DA:33,8
DA:43,8
DA:44,1
DA:95,6
DA:96,1
DA:104,6
LF:18
LH:18
BRDA:31,0,0,7
BRDA:33,1,0,8
BRDA:33,1,1,8
BRDA:35,2,0,5
BRDA:35,2,1,3
BRDA:35,3,0,8
BRDA:35,3,1,6
BRDA:36,4,0,1
BRDA:36,4,1,4
BRDA:40,5,0,5
BRDA:40,5,1,3
BRDA:40,6,0,8
BRDA:40,6,1,6
BRDA:43,7,0,1
BRDA:43,8,0,8
BRDA:43,8,1,1
BRDA:18,9,0,1
BRDA:18,9,1,1
BRDA:22,10,0,1
BRDA:22,10,1,1
BRF:20
BRH:20
end_of_record
TN:
SF:src\view\linear-gradient.ts
FN:5,(anonymous_0)
FN:8,LinearGradient
FN:16,(anonymous_2)
FN:34,(anonymous_3)
FNF:4
FNH:4
FNDA:7,(anonymous_0)
FNDA:8,LinearGradient
FNDA:2,(anonymous_2)
FNDA:6,(anonymous_3)
DA:1,7
DA:3,7
DA:5,7
DA:9,8
DA:10,8
DA:11,8
DA:12,8
DA:13,8
DA:16,7
DA:21,2
DA:23,2
DA:25,2
DA:26,2
DA:28,2
DA:31,2
DA:33,2
DA:34,2
DA:35,6
DA:37,2
DA:39,7
LF:20
LH:20
BRDA:24,0,0,1
BRDA:24,0,1,1
BRF:2
BRH:2
end_of_record
TN:
SF:src\view\polygon.ts
FN:19,(anonymous_6)
FN:20,Polygon
FN:127,(anonymous_8)
FNF:3
FNH:3
FNDA:6,(anonymous_6)
FNDA:3,Polygon
FNDA:1,(anonymous_8)
DA:1,6
DA:3,6
DA:19,6
DA:24,4
DA:26,3
DA:32,3
DA:36,2
DA:38,3
DA:39,2
DA:127,6
DA:128,1
DA:130,1
DA:135,6
LF:13
LH:13
BRDA:24,0,0,1
BRDA:26,1,0,3
BRDA:26,1,1,3
BRDA:28,2,0,1
BRDA:28,2,1,2
BRDA:32,3,0,2
BRDA:33,4,0,3
BRDA:33,4,1,2
BRDA:38,5,0,2
BRDA:38,6,0,3
BRDA:38,6,1,2
BRF:11
BRH:11
end_of_record
TN:
SF:src\view\radial-gradient.ts
FN:5,(anonymous_0)
FN:8,RadialGradient
FN:17,(anonymous_2)
FN:40,(anonymous_3)
FNF:4
FNH:4
FNDA:7,(anonymous_0)
FNDA:2,RadialGradient
FNDA:2,(anonymous_2)
FNDA:6,(anonymous_3)
DA:2,7
DA:5,7
DA:9,2
DA:10,2
DA:11,2
DA:12,2
DA:13,2
DA:14,2
DA:17,7
DA:19,2
DA:22,2
DA:24,2
DA:25,1
DA:26,1
DA:28,1
DA:29,1
DA:32,2
DA:40,2
DA:41,6
DA:43,2
DA:45,7
LF:21
LH:21
BRDA:24,0,0,1
BRDA:24,0,1,1
BRDA:24,1,0,2
BRDA:24,1,1,1
BRF:4
BRH:4
end_of_record
TN:
SF:src\view\rectangle.ts
FN:18,(anonymous_6)
FN:19,Rectangle
FN:144,(anonymous_8)
FNF:3
FNH:3
FNDA:6,(anonymous_6)
FNDA:2,Rectangle
FNDA:1,(anonymous_8)
DA:1,6
DA:3,6
DA:18,6
DA:24,3
DA:26,2
DA:33,2
DA:37,1
DA:39,2
DA:40,1
DA:144,6
DA:145,1
DA:156,6
LF:12
LH:12
BRDA:24,0,0,1
BRDA:26,1,0,2
BRDA:26,1,1,2
BRDA:33,2,0,1
BRDA:34,3,0,2
BRDA:34,3,1,1
BRDA:39,4,0,1
BRDA:39,5,0,2
BRDA:39,5,1,1
BRF:9
BRH:9
end_of_record
TN:
SF:src\view\text.ts
FN:18,(anonymous_6)
FN:30,Text
FN:23,(anonymous_8)
FN:26,(anonymous_9)
FN:134,(anonymous_10)
FNF:5
FNH:5
FNDA:6,(anonymous_6)
FNDA:4,Text
FNDA:2,(anonymous_8)
FNDA:4,(anonymous_9)
FNDA:1,(anonymous_10)
DA:1,6
DA:3,6
DA:18,6
DA:23,6
DA:24,2
DA:27,4
DA:34,7
DA:36,4
DA:38,4
DA:39,4
DA:43,1
DA:45,4
DA:46,1
DA:49,4
DA:50,4
DA:51,4
DA:52,4
DA:134,6
DA:135,1
DA:137,6
LF:20
LH:20
BRDA:34,0,0,3
BRDA:36,1,0,4
BRDA:36,1,1,4
BRDA:39,2,0,1
BRDA:40,3,0,4
BRDA:40,3,1,1
BRDA:45,4,0,1
BRDA:45,5,0,4
BRDA:45,5,1,1
BRDA:50,6,0,4
BRDA:50,6,1,1
BRF:11
BRH:11
end_of_record
