TN:
SF:src\common\constants.ts
FN:1,(anonymous_0)
FNF:1
FNH:1
FNDA:6,(anonymous_0)
DA:1,6
DA:2,6
LF:2
LH:2
BRDA:1,0,0,6
BRDA:1,0,1,6
BRF:2
BRH:2
end_of_record
TN:
SF:src\core\canvas.ts
FN:6,(anonymous_0)
FN:23,Canvas
FN:72,(anonymous_2)
FN:80,(anonymous_3)
FNF:4
FNH:4
FNDA:7,(anonymous_0)
FNDA:39,Canvas
FNDA:2,(anonymous_2)
FNDA:3,(anonymous_3)
DA:6,7
DA:14,39
DA:28,39
DA:29,3
DA:30,3
DA:31,3
DA:32,3
DA:34,36
DA:35,2
DA:36,2
DA:37,1
DA:38,1
DA:40,1
DA:41,1
DA:43,2
DA:45,34
DA:46,34
DA:47,1
DA:48,1
DA:52,39
DA:53,39
DA:54,39
DA:56,39
DA:57,1
DA:58,1
DA:60,38
DA:61,38
DA:62,38
DA:63,38
DA:72,7
DA:73,2
DA:74,2
DA:80,7
DA:81,3
DA:92,7
LF:35
LH:35
BRDA:28,0,0,3
BRDA:28,0,1,36
BRDA:34,1,0,2
BRDA:34,1,1,34
BRDA:36,2,0,1
BRDA:36,2,1,1
BRDA:36,3,0,2
BRDA:36,3,1,1
BRDA:46,4,0,1
BRDA:46,5,0,34
BRDA:46,5,1,1
BRDA:56,6,0,1
BRDA:56,6,1,38
BRF:13
BRH:13
end_of_record
TN:
SF:src\core\color.ts
FN:1,(anonymous_0)
FN:2,(anonymous_2)
FN:6,(anonymous_3)
FNF:3
FNH:3
FNDA:7,(anonymous_0)
FNDA:6,(anonymous_2)
FNDA:1,(anonymous_3)
DA:1,7
DA:2,7
DA:3,6
DA:6,7
DA:7,1
DA:20,7
LF:6
LH:6
BRF:0
BRH:0
end_of_record
TN:
SF:src\core\debug.ts
FN:7,(anonymous_0)
FN:17,(anonymous_2)
FN:60,(anonymous_3)
FN:106,(anonymous_4)
FNF:4
FNH:4
FNDA:4,(anonymous_0)
FNDA:1,(anonymous_2)
FNDA:1,(anonymous_3)
FNDA:2,(anonymous_4)
DA:7,4
DA:17,4
DA:24,1
DA:26,1
DA:60,4
DA:68,1
DA:70,1
DA:106,4
DA:110,2
DA:111,5
DA:112,5
DA:113,5
DA:114,5
DA:136,4
LF:14
LH:14
BRF:0
BRH:0
end_of_record
TN:
SF:src\core\drawing.ts
FN:14,(anonymous_0)
FN:28,Drawing
FN:98,(anonymous_2)
FN:111,(anonymous_3)
FN:115,(anonymous_4)
FN:127,(anonymous_5)
FN:134,(anonymous_6)
FN:148,(anonymous_7)
FN:162,(anonymous_8)
FNF:9
FNH:9
FNDA:4,(anonymous_0)
FNDA:32,Drawing
FNDA:1,(anonymous_2)
FNDA:1,(anonymous_3)
FNDA:1,(anonymous_4)
FNDA:11,(anonymous_5)
FNDA:7,(anonymous_6)
FNDA:3,(anonymous_7)
FNDA:7,(anonymous_8)
DA:1,4
DA:2,4
DA:3,4
DA:14,4
DA:28,32
DA:29,32
DA:30,32
DA:31,32
DA:32,32
DA:33,32
DA:35,32
DA:36,32
DA:37,32
DA:98,4
DA:99,1
DA:100,1
DA:107,1
DA:109,1
DA:111,1
DA:112,1
DA:115,1
DA:116,1
DA:119,1
DA:127,11
DA:128,11
DA:129,8
DA:130,8
DA:131,8
DA:132,8
DA:134,3
DA:135,7
DA:136,7
DA:137,7
DA:138,7
DA:148,4
DA:149,3
DA:151,3
DA:153,3
DA:155,3
DA:156,10
DA:157,3
DA:162,7
DA:163,7
DA:177,4
LF:44
LH:44
BRDA:109,0,0,1
BRDA:109,0,1,1
BRDA:128,1,0,8
BRDA:128,1,1,3
BRDA:149,2,0,1
BRDA:156,3,0,3
BRDA:156,3,1,7
BRF:7
BRH:7
end_of_record
TN:
SF:src\core\index.ts
FNF:0
FNH:0
DA:1,4
DA:2,4
DA:3,4
DA:4,4
DA:5,4
DA:6,4
LF:6
LH:6
BRF:0
BRH:0
end_of_record
TN:
SF:src\core\node.ts
FN:6,(anonymous_1)
FN:76,Node
FN:19,(anonymous_3)
FN:22,(anonymous_4)
FN:26,(anonymous_5)
FN:32,(anonymous_6)
FN:35,(anonymous_7)
FN:39,(anonymous_8)
FN:40,(anonymous_9)
FN:45,(anonymous_10)
FN:48,(anonymous_11)
FN:51,(anonymous_12)
FN:55,(anonymous_13)
FN:58,(anonymous_14)
FN:62,(anonymous_15)
FN:65,(anonymous_16)
FN:69,(anonymous_17)
FN:72,(anonymous_18)
FN:89,(anonymous_19)
FN:99,(anonymous_20)
FN:104,(anonymous_21)
FN:108,(anonymous_22)
FN:119,(anonymous_23)
FN:125,(anonymous_24)
FN:139,(anonymous_25)
FN:145,(anonymous_26)
FN:150,(anonymous_27)
FN:152,(anonymous_28)
FN:157,(anonymous_29)
FNF:29
FNH:29
FNDA:6,(anonymous_1)
FNDA:96,Node
FNDA:1,(anonymous_3)
FNDA:1,(anonymous_4)
FNDA:1,(anonymous_5)
FNDA:3,(anonymous_6)
FNDA:25,(anonymous_7)
FNDA:11,(anonymous_8)
FNDA:18,(anonymous_9)
FNDA:3,(anonymous_10)
FNDA:1,(anonymous_11)
FNDA:2,(anonymous_12)
FNDA:1,(anonymous_13)
FNDA:1,(anonymous_14)
FNDA:1,(anonymous_15)
FNDA:1,(anonymous_16)
FNDA:2,(anonymous_17)
FNDA:1,(anonymous_18)
FNDA:6,(anonymous_19)
FNDA:1,(anonymous_20)
FNDA:3,(anonymous_21)
FNDA:2,(anonymous_22)
FNDA:3,(anonymous_23)
FNDA:4,(anonymous_24)
FNDA:6,(anonymous_25)
FNDA:1,(anonymous_26)
FNDA:6,(anonymous_27)
FNDA:1,(anonymous_28)
FNDA:1,(anonymous_29)
DA:1,6
DA:4,6
DA:6,6
DA:19,6
DA:20,1
DA:23,1
DA:25,1
DA:26,1
DA:27,1
DA:32,6
DA:33,3
DA:36,25
DA:39,6
DA:40,11
DA:41,18
DA:45,6
DA:46,3
DA:49,1
DA:51,6
DA:52,2
DA:55,6
DA:56,1
DA:59,1
DA:62,6
DA:63,1
DA:66,1
DA:69,6
DA:70,2
DA:73,1
DA:76,96
DA:77,96
DA:85,96
DA:86,96
DA:89,6
DA:91,6
DA:92,6
DA:93,1
DA:96,6
DA:97,6
DA:99,6
DA:100,1
DA:104,6
DA:105,3
DA:108,6
DA:109,2
DA:110,2
DA:111,2
DA:112,2
DA:114,2
DA:115,1
DA:119,6
DA:120,3
DA:121,3
DA:122,3
DA:125,6
DA:126,4
DA:127,2
DA:128,1
DA:130,1
DA:134,4
DA:135,3
DA:139,6
DA:143,6
DA:144,6
DA:145,6
DA:146,1
DA:150,6
DA:151,6
DA:152,6
DA:153,1
DA:157,6
DA:158,1
DA:160,6
LF:73
LH:73
BRDA:25,0,0,1
BRDA:126,1,0,2
BRDA:127,2,0,1
BRDA:127,2,1,1
BRF:4
BRH:4
end_of_record
TN:
SF:src\math\dimension.ts
FN:1,(anonymous_0)
FN:2,Dimension
FN:4,(anonymous_2)
FNF:3
FNH:3
FNDA:7,(anonymous_0)
FNDA:1,Dimension
FNDA:1,(anonymous_2)
DA:1,7
DA:2,1
DA:4,7
DA:5,1
DA:7,7
LF:5
LH:5
BRF:0
BRH:0
end_of_record
TN:
SF:src\math\index.ts
FNF:0
FNH:0
DA:1,6
DA:2,6
DA:3,6
DA:4,6
LF:4
LH:4
BRF:0
BRH:0
end_of_record
TN:
SF:src\math\matrix.ts
FN:4,(anonymous_1)
FN:7,Matrix
FN:47,(anonymous_3)
FN:51,(anonymous_4)
FN:56,(anonymous_5)
FN:67,(anonymous_6)
FN:71,(anonymous_7)
FN:79,(anonymous_8)
FN:87,(anonymous_9)
FN:88,(anonymous_10)
FNF:10
FNH:10
FNDA:7,(anonymous_1)
FNDA:266,Matrix
FNDA:10,(anonymous_3)
FNDA:2,(anonymous_4)
FNDA:2,(anonymous_5)
FNDA:1,(anonymous_6)
FNDA:237,(anonymous_7)
FNDA:1,(anonymous_8)
FNDA:10,(anonymous_9)
FNDA:12,(anonymous_10)
DA:4,7
DA:8,266
DA:47,7
DA:48,10
DA:51,7
DA:52,2
DA:53,2
DA:56,7
DA:57,2
DA:67,7
DA:68,1
DA:71,7
DA:72,237
DA:79,7
DA:80,1
DA:87,7
DA:88,12
DA:90,10
DA:91,12
DA:92,36
DA:93,36
DA:94,108
DA:96,36
DA:100,10
DA:102,7
LF:25
LH:25
BRF:0
BRH:0
end_of_record
TN:
SF:src\math\transform.ts
FN:6,(anonymous_1)
FN:72,Transform
FN:20,(anonymous_3)
FN:23,(anonymous_4)
FN:34,(anonymous_5)
FN:40,(anonymous_6)
FN:43,(anonymous_7)
FN:47,(anonymous_8)
FN:51,(anonymous_9)
FN:54,(anonymous_10)
FN:58,(anonymous_11)
FN:61,(anonymous_12)
FN:65,(anonymous_13)
FN:68,(anonymous_14)
FN:173,(anonymous_15)
FNF:15
FNH:15
FNDA:6,(anonymous_1)
FNDA:117,Transform
FNDA:14,(anonymous_3)
FNDA:29,(anonymous_4)
FNDA:12,(anonymous_5)
FNDA:46,(anonymous_6)
FNDA:3,(anonymous_7)
FNDA:5,(anonymous_8)
FNDA:5,(anonymous_9)
FNDA:4,(anonymous_10)
FNDA:7,(anonymous_11)
FNDA:4,(anonymous_12)
FNDA:9,(anonymous_13)
FNDA:3,(anonymous_14)
FNDA:2,(anonymous_15)
DA:1,6
DA:2,6
DA:6,6
DA:20,6
DA:21,14
DA:24,29
DA:25,1
DA:26,1
DA:27,1
DA:30,29
DA:31,29
DA:33,29
DA:34,29
DA:35,12
DA:40,6
DA:41,46
DA:44,3
DA:47,6
DA:48,5
DA:51,6
DA:52,5
DA:55,4
DA:58,6
DA:59,7
DA:62,4
DA:65,6
DA:66,9
DA:69,3
DA:78,117
DA:80,117
DA:81,117
DA:82,117
DA:83,117
DA:84,117
DA:85,117
DA:86,117
DA:87,117
DA:88,117
DA:89,117
DA:173,6
DA:174,2
DA:176,6
LF:42
LH:42
BRDA:24,0,0,1
BRDA:26,1,0,1
BRDA:30,2,0,29
BRDA:30,2,1,29
BRDA:33,3,0,29
BRF:5
BRH:5
end_of_record
TN:
SF:src\math\vector.ts
FN:8,(anonymous_0)
FN:12,Vector
FN:14,(anonymous_2)
FN:21,(anonymous_3)
FN:35,(anonymous_4)
FN:53,(anonymous_5)
FN:67,(anonymous_6)
FN:85,(anonymous_7)
FN:99,(anonymous_8)
FN:115,(anonymous_9)
FN:125,(anonymous_10)
FN:136,(anonymous_11)
FN:141,(anonymous_12)
FN:148,(anonymous_13)
FN:152,(anonymous_14)
FN:156,(anonymous_15)
FN:162,(anonymous_16)
FN:166,(anonymous_17)
FN:170,(anonymous_18)
FN:174,(anonymous_19)
FN:183,(anonymous_20)
FN:186,(anonymous_21)
FN:195,(anonymous_22)
FN:214,(anonymous_23)
FN:221,(anonymous_24)
FNF:25
FNH:25
FNDA:6,(anonymous_0)
FNDA:412,Vector
FNDA:41,(anonymous_2)
FNDA:3,(anonymous_3)
FNDA:3,(anonymous_4)
FNDA:3,(anonymous_5)
FNDA:3,(anonymous_6)
FNDA:35,(anonymous_7)
FNDA:3,(anonymous_8)
FNDA:1,(anonymous_9)
FNDA:1,(anonymous_10)
FNDA:8,(anonymous_11)
FNDA:1,(anonymous_12)
FNDA:1,(anonymous_13)
FNDA:1,(anonymous_14)
FNDA:1,(anonymous_15)
FNDA:138,(anonymous_16)
FNDA:117,(anonymous_17)
FNDA:1,(anonymous_18)
FNDA:5,(anonymous_19)
FNDA:1,(anonymous_20)
FNDA:5,(anonymous_21)
FNDA:2,(anonymous_22)
FNDA:11,(anonymous_23)
FNDA:4,(anonymous_24)
DA:1,6
DA:2,6
DA:3,6
DA:8,6
DA:12,412
DA:14,6
DA:15,41
DA:21,6
DA:23,3
DA:24,1
DA:25,2
DA:26,1
DA:28,1
DA:35,6
DA:37,3
DA:38,1
DA:39,1
DA:40,2
DA:41,1
DA:42,1
DA:44,1
DA:45,1
DA:47,3
DA:53,6
DA:55,3
DA:56,1
DA:57,2
DA:58,1
DA:60,1
DA:67,6
DA:69,3
DA:70,1
DA:71,1
DA:72,2
DA:73,1
DA:74,1
DA:76,1
DA:77,1
DA:79,3
DA:85,6
DA:87,35
DA:88,33
DA:89,2
DA:90,1
DA:92,1
DA:99,6
DA:101,3
DA:102,1
DA:103,1
DA:104,2
DA:105,1
DA:106,1
DA:108,1
DA:109,1
DA:112,3
DA:115,6
DA:116,1
DA:117,1
DA:118,1
DA:119,1
DA:125,6
DA:126,1
DA:127,1
DA:128,1
DA:129,1
DA:130,1
DA:131,1
DA:132,1
DA:133,1
DA:136,6
DA:137,8
DA:138,8
DA:141,6
DA:142,1
DA:143,1
DA:144,1
DA:145,1
DA:148,6
DA:149,1
DA:152,6
DA:153,1
DA:156,6
DA:157,1
DA:162,6
DA:163,138
DA:166,6
DA:167,117
DA:170,6
DA:171,1
DA:172,1
DA:174,1
DA:175,5
DA:176,5
DA:177,5
DA:178,5
DA:180,1
DA:183,6
DA:184,1
DA:185,1
DA:186,1
DA:187,5
DA:188,5
DA:190,1
DA:195,6
DA:201,2
DA:202,1
DA:207,1
DA:214,6
DA:215,11
DA:221,6
DA:222,4
DA:224,6
LF:112
LH:112
BRDA:23,0,0,1
BRDA:23,0,1,2
BRDA:25,1,0,1
BRDA:25,1,1,1
BRDA:37,2,0,1
BRDA:37,2,1,2
BRDA:40,3,0,1
BRDA:40,3,1,1
BRDA:55,4,0,1
BRDA:55,4,1,2
BRDA:57,5,0,1
BRDA:57,5,1,1
BRDA:69,6,0,1
BRDA:69,6,1,2
BRDA:72,7,0,1
BRDA:72,7,1,1
BRDA:87,8,0,33
BRDA:87,8,1,2
BRDA:89,9,0,1
BRDA:89,9,1,1
BRDA:101,10,0,1
BRDA:101,10,1,2
BRDA:104,11,0,1
BRDA:104,11,1,1
BRDA:175,12,0,2
BRDA:176,13,0,3
BRDA:177,14,0,2
BRDA:178,15,0,2
BRDA:201,16,0,1
BRDA:201,16,1,1
BRF:30
BRH:30
end_of_record
TN:
SF:src\view\empty.ts
FN:4,(anonymous_6)
FN:5,Empty
FN:9,(anonymous_8)
FN:12,(anonymous_9)
FN:16,(anonymous_10)
FNF:5
FNH:5
FNDA:6,(anonymous_6)
FNDA:96,Empty
FNDA:2,(anonymous_8)
FNDA:3,(anonymous_9)
FNDA:1,(anonymous_10)
DA:1,6
DA:2,6
DA:4,6
DA:6,96
DA:9,6
DA:12,6
DA:16,6
DA:17,1
DA:19,6
LF:9
LH:9
BRDA:6,0,0,96
BRDA:6,0,1,96
BRF:2
BRH:2
end_of_record
